Log file open, 09/22/20 13:52:09
LogInit: Display: Running engine for game: Buffalo_Sauce
LogPlatformFile: Not using cached read wrapper
LogTaskGraph: Started task graph with 5 named threads and 23 total threads with 3 sets of task threads.
LogStats: Stats thread started at 0.164046
LogD3D11RHI: Loaded GFSDK_Aftermath_Lib.x64.dll
LogICUInternationalization: ICU TimeZone Detection - Raw Offset: -4:00, Platform Override: ''
LogPluginManager: Mounting plugin Paper2D
LogPluginManager: Mounting plugin AISupport
LogPluginManager: Mounting plugin LightPropagationVolume
LogPluginManager: Mounting plugin CameraShakePreviewer
LogPluginManager: Mounting plugin ActorLayerUtilities
LogPluginManager: Mounting plugin AnimationSharing
LogPluginManager: Mounting plugin CLionSourceCodeAccess
LogPluginManager: Mounting plugin CodeLiteSourceCodeAccess
LogPluginManager: Mounting plugin GitSourceControl
LogPluginManager: Mounting plugin KDevelopSourceCodeAccess
LogPluginManager: Mounting plugin NullSourceCodeAccess
LogPluginManager: Mounting plugin PerforceSourceControl
LogPluginManager: Mounting plugin PlasticSourceControl
LogPluginManager: Mounting plugin RiderSourceCodeAccess
LogPluginManager: Mounting plugin SubversionSourceControl
LogPluginManager: Mounting plugin UObjectPlugin
LogPluginManager: Mounting plugin VisualStudioCodeSourceCodeAccess
LogPluginManager: Mounting plugin VisualStudioSourceCodeAccess
LogPluginManager: Mounting plugin XCodeSourceCodeAccess
LogPluginManager: Mounting plugin AssetManagerEditor
LogPluginManager: Mounting plugin CryptoKeys
LogPluginManager: Mounting plugin CurveEditorTools
LogPluginManager: Mounting plugin DataValidation
LogPluginManager: Mounting plugin EditorScriptingUtilities
LogPluginManager: Mounting plugin FacialAnimation
LogPluginManager: Mounting plugin GameplayTagsEditor
LogPluginManager: Mounting plugin GeometryMode
LogPluginManager: Mounting plugin MacGraphicsSwitching
LogPluginManager: Mounting plugin MaterialAnalyzer
LogPluginManager: Mounting plugin MobileLauncherProfileWizard
LogPluginManager: Mounting plugin PluginBrowser
LogPluginManager: Mounting plugin SpeedTreeImporter
LogPluginManager: Mounting plugin DatasmithContent
LogPluginManager: Mounting plugin VariantManagerContent
LogPluginManager: Mounting plugin AlembicImporter
LogPluginManager: Mounting plugin AutomationUtils
LogPluginManager: Mounting plugin BackChannel
LogPluginManager: Mounting plugin ChaosCloth
LogPluginManager: Mounting plugin ChaosClothEditor
LogPluginManager: Mounting plugin ChaosEditor
LogPluginManager: Mounting plugin ChaosNiagara
LogPluginManager: Mounting plugin ChaosSolverPlugin
LogPluginManager: Mounting plugin CharacterAI
LogPluginManager: Mounting plugin GeometryCache
LogPluginManager: Mounting plugin GeometryCollectionPlugin
LogPluginManager: Mounting plugin GeometryProcessing
LogPluginManager: Mounting plugin PlanarCut
LogPluginManager: Mounting plugin PlatformCrypto
LogPluginManager: Mounting plugin ProxyLODPlugin
LogPluginManager: Mounting plugin SkeletalReduction
LogPluginManager: Mounting plugin Niagara
LogPluginManager: Mounting plugin MagicLeap
LogPluginManager: Mounting plugin MagicLeapLightEstimation
LogPluginManager: Mounting plugin MagicLeapMedia
LogPluginManager: Mounting plugin MagicLeapPassableWorld
LogPluginManager: Mounting plugin MLSDK
LogPluginManager: Mounting plugin AndroidMedia
LogPluginManager: Mounting plugin AvfMedia
LogPluginManager: Mounting plugin ImgMedia
LogPluginManager: Mounting plugin MediaCompositing
LogPluginManager: Mounting plugin MediaPlayerEditor
LogPluginManager: Mounting plugin WebMMedia
LogPluginManager: Mounting plugin WmfMedia
LogPluginManager: Mounting plugin MeshPainting
LogPluginManager: Mounting plugin TcpMessaging
LogPluginManager: Mounting plugin UdpMessaging
LogPluginManager: Mounting plugin ActorSequence
LogPluginManager: Mounting plugin LevelSequenceEditor
LogPluginManager: Mounting plugin MatineeToLevelSequence
LogPluginManager: Mounting plugin MovieRenderPipeline
LogPluginManager: Mounting plugin TemplateSequence
LogPluginManager: Mounting plugin NetcodeUnitTest
LogPluginManager: Mounting plugin NUTUnrealEngine4
LogPluginManager: Mounting plugin OnlineSubsystemGooglePlay
LogPluginManager: Mounting plugin OnlineSubsystemIOS
LogPluginManager: Mounting plugin OnlineSubsystem
LogPluginManager: Mounting plugin OnlineSubsystemNull
LogPluginManager: Mounting plugin OnlineSubsystemUtils
LogPluginManager: Mounting plugin LauncherChunkInstaller
LogPluginManager: Mounting plugin AndroidDeviceProfileSelector
LogPluginManager: Mounting plugin AndroidMoviePlayer
LogPluginManager: Mounting plugin AndroidPermission
LogPluginManager: Mounting plugin AppleImageUtils
LogPluginManager: Mounting plugin AppleMoviePlayer
LogPluginManager: Mounting plugin ArchVisCharacter
LogPluginManager: Mounting plugin AssetTags
LogPluginManager: Mounting plugin AudioCapture
LogPluginManager: Mounting plugin CableComponent
LogPluginManager: Mounting plugin CustomMeshComponent
LogPluginManager: Mounting plugin EditableMesh
LogPluginManager: Mounting plugin ExampleDeviceProfileSelector
LogPluginManager: Mounting plugin GoogleCloudMessaging
LogPluginManager: Mounting plugin GooglePAD
LogPluginManager: Mounting plugin IOSDeviceProfileSelector
LogPluginManager: Mounting plugin LinuxDeviceProfileSelector
LogPluginManager: Mounting plugin LocationServicesBPLibrary
LogPluginManager: Mounting plugin MobilePatchingUtils
LogPluginManager: Mounting plugin OculusVR
LogPluginManager: Mounting plugin PhysXVehicles
LogPluginManager: Mounting plugin PostSplashScreen
LogPluginManager: Mounting plugin ProceduralMeshComponent
LogPluginManager: Mounting plugin RuntimePhysXCooking
LogPluginManager: Mounting plugin SignificanceManager
LogPluginManager: Mounting plugin SoundFields
LogPluginManager: Mounting plugin SteamVR
LogPluginManager: Mounting plugin Synthesis
LogPluginManager: Mounting plugin WebMMoviePlayer
LogPluginManager: Mounting plugin WindowsMoviePlayer
LogPluginManager: Mounting plugin ScreenshotTools
LogInit: Using libcurl 7.55.1-DEV
LogInit:  - built for x86_64-pc-win32
LogInit:  - supports SSL with OpenSSL/1.1.1
LogInit:  - supports HTTP deflate (compression) using libz 1.2.8
LogInit:  - other features:
LogInit:      CURL_VERSION_SSL
LogInit:      CURL_VERSION_LIBZ
LogInit:      CURL_VERSION_IPV6
LogInit:      CURL_VERSION_ASYNCHDNS
LogInit:      CURL_VERSION_LARGEFILE
LogInit:      CURL_VERSION_IDN
LogInit:  CurlRequestOptions (configurable via config and command line):
LogInit:  - bVerifyPeer = true  - Libcurl will verify peer certificate
LogInit:  - bUseHttpProxy = false  - Libcurl will NOT use HTTP proxy
LogInit:  - bDontReuseConnections = false  - Libcurl will reuse connections
LogInit:  - MaxHostConnections = 16  - Libcurl will limit the number of connections to a host
LogInit:  - LocalHostAddr = Default
LogInit:  - BufferSize = 65536
LogOnline: OSS: Creating online subsystem instance for: NULL
LogInit: WinSock: version 1.1 (2.2), MaxSocks=32767, MaxUdp=65467
LogOnline: OSS: TryLoadSubsystemAndSetDefault: Loaded subsystem for module [NULL]
LogInit: Build: ++UE4+Release-4.25-CL-13942748
LogInit: Engine Version: 4.25.3-13942748+++UE4+Release-4.25
LogInit: Compatible Engine Version: 4.25.0-13144385+++UE4+Release-4.25
LogInit: Net CL: 13144385
LogInit: OS: Windows 10 (Release 1909) (), CPU: Intel(R) Core(TM) i7-4980HQ CPU @ 2.80GHz, GPU: Intel(R) Iris(TM) Pro Graphics 5200
LogInit: Compiled (64-bit): Jul 25 2020 02:07:48
LogInit: Compiled with Visual C++: 19.24.28315.00
LogInit: Build Configuration: Development
LogInit: Branch Name: ++UE4+Release-4.25
LogInit: Command Line: 
LogInit: Base Directory: C:/Program Files/Epic Games/UE_4.25/Engine/Binaries/Win64/
LogInit: Allocator: TBB
LogInit: Installed Engine Build: 1
LogDevObjectVersion: Number of dev versions registered: 26
LogDevObjectVersion:   Dev-Blueprints (B0D832E4-1F89-4F0D-ACCF-7EB736FD4AA2): 10
LogDevObjectVersion:   Dev-Build (E1C64328-A22C-4D53-A36C-8E866417BD8C): 0
LogDevObjectVersion:   Dev-Core (375EC13C-06E4-48FB-B500-84F0262A717E): 4
LogDevObjectVersion:   Dev-Editor (E4B068ED-F494-42E9-A231-DA0B2E46BB41): 38
LogDevObjectVersion:   Dev-Framework (CFFC743F-43B0-4480-9391-14DF171D2073): 37
LogDevObjectVersion:   Dev-Mobile (B02B49B5-BB20-44E9-A304-32B752E40360): 2
LogDevObjectVersion:   Dev-Networking (A4E4105C-59A1-49B5-A7C5-40C4547EDFEE): 0
LogDevObjectVersion:   Dev-Online (39C831C9-5AE6-47DC-9A44-9C173E1C8E7C): 0
LogDevObjectVersion:   Dev-Physics (78F01B33-EBEA-4F98-B9B4-84EACCB95AA2): 4
LogDevObjectVersion:   Dev-Platform (6631380F-2D4D-43E0-8009-CF276956A95A): 0
LogDevObjectVersion:   Dev-Rendering (12F88B9F-8875-4AFC-A67C-D90C383ABD29): 43
LogDevObjectVersion:   Dev-Sequencer (7B5AE74C-D270-4C10-A958-57980B212A5A): 12
LogDevObjectVersion:   Dev-VR (D7296918-1DD6-4BDD-9DE2-64A83CC13884): 3
LogDevObjectVersion:   Dev-LoadTimes (C2A15278-BFE7-4AFE-6C17-90FF531DF755): 1
LogDevObjectVersion:   Private-Geometry (6EACA3D4-40EC-4CC1-B786-8BED09428FC5): 3
LogDevObjectVersion:   Dev-AnimPhys (29E575DD-E0A3-4627-9D10-D276232CDCEA): 17
LogDevObjectVersion:   Dev-Anim (AF43A65D-7FD3-4947-9873-3E8ED9C1BB05): 7
LogDevObjectVersion:   Dev-ReflectionCapture (6B266CEC-1EC7-4B8F-A30B-E4D90942FC07): 1
LogDevObjectVersion:   Dev-Automation (0DF73D61-A23F-47EA-B727-89E90C41499A): 1
LogDevObjectVersion:   FortniteMain (601D1886-AC64-4F84-AA16-D3DE0DEAC7D6): 31
LogDevObjectVersion:   Dev-Enterprise (9DFFBCD6-494F-0158-E221-12823C92A888): 10
LogDevObjectVersion:   Dev-Niagara (F2AED0AC-9AFE-416F-8664-AA7FFA26D6FC): 1
LogDevObjectVersion:   Dev-Destruction (174F1F0B-B4C6-45A5-B13F-2EE8D0FB917D): 10
LogDevObjectVersion:   Dev-Physics-Ext (35F94A83-E258-406C-A318-09F59610247C): 37
LogDevObjectVersion:   Dev-PhysicsMaterial-Chaos (B68FC16E-8B1B-42E2-B453-215C058844FE): 1
LogDevObjectVersion:   Dev-CineCamera (B2E18506-4273-CFC2-A54E-F4BB758BBA07): 1
LogInit: Presizing for max 25165824 objects, including 0 objects not considered by GC, pre-allocating 0 bytes for permanent pool.
LogConfig: Applying CVar settings from Section [/Script/Engine.StreamingSettings] File [E:/Git Hub/The Wings2/Buffalo_Sauce/Saved/Config/Windows/Engine.ini]
LogConfig: Setting CVar [[s.MinBulkDataSizeForAsyncLoading:131072]]
LogConfig: Setting CVar [[s.AsyncLoadingThreadEnabled:0]]
LogConfig: Setting CVar [[s.EventDrivenLoaderEnabled:1]]
LogConfig: Setting CVar [[s.WarnIfTimeLimitExceeded:0]]
LogConfig: Setting CVar [[s.TimeLimitExceededMultiplier:1.5]]
LogConfig: Setting CVar [[s.TimeLimitExceededMinTime:0.005]]
LogConfig: Setting CVar [[s.UseBackgroundLevelStreaming:1]]
LogConfig: Setting CVar [[s.PriorityAsyncLoadingExtraTime:15.0]]
LogConfig: Setting CVar [[s.LevelStreamingActorsUpdateTimeLimit:5.0]]
LogConfig: Setting CVar [[s.PriorityLevelStreamingActorsUpdateExtraTime:5.0]]
LogConfig: Setting CVar [[s.LevelStreamingComponentsRegistrationGranularity:10]]
LogConfig: Setting CVar [[s.UnregisterComponentsTimeLimit:1.0]]
LogConfig: Setting CVar [[s.LevelStreamingComponentsUnregistrationGranularity:5]]
LogConfig: Setting CVar [[s.FlushStreamingOnExit:1]]
LogInit: Object subsystem initialized
LogConfig: Setting CVar [[con.DebugEarlyDefault:1]]
LogConfig: Setting CVar [[r.setres:1280x720]]
[2020.09.22-16.52.09:502][  0]LogConfig: Setting CVar [[r.VSync:0]]
[2020.09.22-16.52.09:502][  0]LogConfig: Setting CVar [[r.RHICmdBypass:0]]
[2020.09.22-16.52.09:502][  0]LogConfig: Applying CVar settings from Section [/Script/Engine.RendererSettings] File [E:/Git Hub/The Wings2/Buffalo_Sauce/Saved/Config/Windows/Engine.ini]
[2020.09.22-16.52.09:502][  0]LogConfig: Setting CVar [[r.GPUCrashDebugging:0]]
[2020.09.22-16.52.09:502][  0]LogConfig: Applying CVar settings from Section [/Script/Engine.RendererOverrideSettings] File [E:/Git Hub/The Wings2/Buffalo_Sauce/Saved/Config/Windows/Engine.ini]
[2020.09.22-16.52.09:502][  0]LogConfig: Applying CVar settings from Section [/Script/Engine.StreamingSettings] File [E:/Git Hub/The Wings2/Buffalo_Sauce/Saved/Config/Windows/Engine.ini]
[2020.09.22-16.52.09:502][  0]LogConfig: Setting CVar [[s.MinBulkDataSizeForAsyncLoading:131072]]
[2020.09.22-16.52.09:502][  0]LogConfig: Setting CVar [[s.AsyncLoadingThreadEnabled:0]]
[2020.09.22-16.52.09:502][  0]LogConfig: Setting CVar [[s.EventDrivenLoaderEnabled:1]]
[2020.09.22-16.52.09:502][  0]LogConfig: Setting CVar [[s.WarnIfTimeLimitExceeded:0]]
[2020.09.22-16.52.09:502][  0]LogConfig: Setting CVar [[s.TimeLimitExceededMultiplier:1.5]]
[2020.09.22-16.52.09:502][  0]LogConfig: Setting CVar [[s.TimeLimitExceededMinTime:0.005]]
[2020.09.22-16.52.09:502][  0]LogConfig: Setting CVar [[s.UseBackgroundLevelStreaming:1]]
[2020.09.22-16.52.09:502][  0]LogConfig: Setting CVar [[s.PriorityAsyncLoadingExtraTime:15.0]]
[2020.09.22-16.52.09:502][  0]LogConfig: Setting CVar [[s.LevelStreamingActorsUpdateTimeLimit:5.0]]
[2020.09.22-16.52.09:502][  0]LogConfig: Setting CVar [[s.PriorityLevelStreamingActorsUpdateExtraTime:5.0]]
[2020.09.22-16.52.09:502][  0]LogConfig: Setting CVar [[s.LevelStreamingComponentsRegistrationGranularity:10]]
[2020.09.22-16.52.09:502][  0]LogConfig: Setting CVar [[s.UnregisterComponentsTimeLimit:1.0]]
[2020.09.22-16.52.09:502][  0]LogConfig: Setting CVar [[s.LevelStreamingComponentsUnregistrationGranularity:5]]
[2020.09.22-16.52.09:502][  0]LogConfig: Setting CVar [[s.FlushStreamingOnExit:1]]
[2020.09.22-16.52.09:502][  0]LogConfig: Applying CVar settings from Section [/Script/Engine.GarbageCollectionSettings] File [E:/Git Hub/The Wings2/Buffalo_Sauce/Saved/Config/Windows/Engine.ini]
[2020.09.22-16.52.09:502][  0]LogConfig: Setting CVar [[gc.MaxObjectsNotConsideredByGC:1]]
[2020.09.22-16.52.09:502][  0]LogConfig: Setting CVar [[gc.SizeOfPermanentObjectPool:0]]
[2020.09.22-16.52.09:502][  0]LogConfig: Setting CVar [[gc.FlushStreamingOnGC:0]]
[2020.09.22-16.52.09:502][  0]LogConfig: Setting CVar [[gc.NumRetriesBeforeForcingGC:10]]
[2020.09.22-16.52.09:502][  0]LogConfig: Setting CVar [[gc.AllowParallelGC:1]]
[2020.09.22-16.52.09:502][  0]LogConfig: Setting CVar [[gc.TimeBetweenPurgingPendingKillObjects:61.1]]
[2020.09.22-16.52.09:502][  0]LogConfig: Setting CVar [[gc.MaxObjectsInEditor:25165824]]
[2020.09.22-16.52.09:502][  0]LogConfig: Setting CVar [[gc.IncrementalBeginDestroyEnabled:1]]
[2020.09.22-16.52.09:502][  0]LogConfig: Setting CVar [[gc.CreateGCClusters:1]]
[2020.09.22-16.52.09:502][  0]LogConfig: Setting CVar [[gc.MinGCClusterSize:5]]
[2020.09.22-16.52.09:502][  0]LogConfig: Setting CVar [[gc.ActorClusteringEnabled:0]]
[2020.09.22-16.52.09:502][  0]LogConfig: Setting CVar [[gc.BlueprintClusteringEnabled:0]]
[2020.09.22-16.52.09:502][  0]LogConfig: Setting CVar [[gc.UseDisregardForGCOnDedicatedServers:0]]
[2020.09.22-16.52.09:502][  0]LogConfig: Applying CVar settings from Section [/Script/Engine.NetworkSettings] File [E:/Git Hub/The Wings2/Buffalo_Sauce/Saved/Config/Windows/Engine.ini]
[2020.09.22-16.52.09:502][  0]LogConfig: Applying CVar settings from Section [/Script/UnrealEd.CookerSettings] File [E:/Git Hub/The Wings2/Buffalo_Sauce/Saved/Config/Windows/Engine.ini]
[2020.09.22-16.52.09:504][  0]LogConfig: Applying CVar settings from Section [ViewDistanceQuality@3] File [E:/Git Hub/The Wings2/Buffalo_Sauce/Saved/Config/Windows/Scalability.ini]
[2020.09.22-16.52.09:504][  0]LogConfig: Setting CVar [[r.SkeletalMeshLODBias:0]]
[2020.09.22-16.52.09:505][  0]LogConfig: Setting CVar [[r.ViewDistanceScale:1.0]]
[2020.09.22-16.52.09:505][  0]LogConfig: Applying CVar settings from Section [AntiAliasingQuality@3] File [E:/Git Hub/The Wings2/Buffalo_Sauce/Saved/Config/Windows/Scalability.ini]
[2020.09.22-16.52.09:505][  0]LogConfig: Setting CVar [[r.PostProcessAAQuality:4]]
[2020.09.22-16.52.09:505][  0]LogConfig: Applying CVar settings from Section [ShadowQuality@3] File [E:/Git Hub/The Wings2/Buffalo_Sauce/Saved/Config/Windows/Scalability.ini]
[2020.09.22-16.52.09:505][  0]LogConfig: Setting CVar [[r.LightFunctionQuality:1]]
[2020.09.22-16.52.09:505][  0]LogConfig: Setting CVar [[r.ShadowQuality:5]]
[2020.09.22-16.52.09:505][  0]LogConfig: Setting CVar [[r.Shadow.CSM.MaxCascades:10]]
[2020.09.22-16.52.09:505][  0]LogConfig: Setting CVar [[r.Shadow.MaxResolution:2048]]
[2020.09.22-16.52.09:505][  0]LogConfig: Setting CVar [[r.Shadow.MaxCSMResolution:2048]]
[2020.09.22-16.52.09:505][  0]LogConfig: Setting CVar [[r.Shadow.RadiusThreshold:0.01]]
[2020.09.22-16.52.09:505][  0]LogConfig: Setting CVar [[r.Shadow.DistanceScale:1.0]]
[2020.09.22-16.52.09:505][  0]LogConfig: Setting CVar [[r.Shadow.CSM.TransitionScale:1.0]]
[2020.09.22-16.52.09:505][  0]LogConfig: Setting CVar [[r.Shadow.PreShadowResolutionFactor:1.0]]
[2020.09.22-16.52.09:505][  0]LogConfig: Setting CVar [[r.DistanceFieldShadowing:1]]
[2020.09.22-16.52.09:505][  0]LogConfig: Setting CVar [[r.DistanceFieldAO:1]]
[2020.09.22-16.52.09:505][  0]LogConfig: Setting CVar [[r.AOQuality:2]]
[2020.09.22-16.52.09:505][  0]LogConfig: Setting CVar [[r.VolumetricFog:1]]
[2020.09.22-16.52.09:505][  0]LogConfig: Setting CVar [[r.VolumetricFog.GridPixelSize:8]]
[2020.09.22-16.52.09:505][  0]LogConfig: Setting CVar [[r.VolumetricFog.GridSizeZ:128]]
[2020.09.22-16.52.09:505][  0]LogConfig: Setting CVar [[r.VolumetricFog.HistoryMissSupersampleCount:4]]
[2020.09.22-16.52.09:505][  0]LogConfig: Setting CVar [[r.LightMaxDrawDistanceScale:1]]
[2020.09.22-16.52.09:505][  0]LogConfig: Setting CVar [[r.CapsuleShadows:1]]
[2020.09.22-16.52.09:505][  0]LogConfig: Applying CVar settings from Section [PostProcessQuality@3] File [E:/Git Hub/The Wings2/Buffalo_Sauce/Saved/Config/Windows/Scalability.ini]
[2020.09.22-16.52.09:505][  0]LogConfig: Setting CVar [[r.MotionBlurQuality:4]]
[2020.09.22-16.52.09:505][  0]LogConfig: Setting CVar [[r.AmbientOcclusionMipLevelFactor:0.4]]
[2020.09.22-16.52.09:505][  0]LogConfig: Setting CVar [[r.AmbientOcclusionMaxQuality:100]]
[2020.09.22-16.52.09:505][  0]LogConfig: Setting CVar [[r.AmbientOcclusionLevels:-1]]
[2020.09.22-16.52.09:505][  0]LogConfig: Setting CVar [[r.AmbientOcclusionRadiusScale:1.0]]
[2020.09.22-16.52.09:505][  0]LogConfig: Setting CVar [[r.DepthOfFieldQuality:2]]
[2020.09.22-16.52.09:505][  0]LogConfig: Setting CVar [[r.RenderTargetPoolMin:400]]
[2020.09.22-16.52.09:505][  0]LogConfig: Setting CVar [[r.LensFlareQuality:2]]
[2020.09.22-16.52.09:505][  0]LogConfig: Setting CVar [[r.SceneColorFringeQuality:1]]
[2020.09.22-16.52.09:505][  0]LogConfig: Setting CVar [[r.EyeAdaptationQuality:2]]
[2020.09.22-16.52.09:505][  0]LogConfig: Setting CVar [[r.BloomQuality:5]]
[2020.09.22-16.52.09:505][  0]LogConfig: Setting CVar [[r.FastBlurThreshold:100]]
[2020.09.22-16.52.09:505][  0]LogConfig: Setting CVar [[r.Upscale.Quality:3]]
[2020.09.22-16.52.09:505][  0]LogConfig: Setting CVar [[r.Tonemapper.GrainQuantization:1]]
[2020.09.22-16.52.09:505][  0]LogConfig: Setting CVar [[r.LightShaftQuality:1]]
[2020.09.22-16.52.09:505][  0]LogConfig: Setting CVar [[r.Filter.SizeScale:1]]
[2020.09.22-16.52.09:505][  0]LogConfig: Setting CVar [[r.Tonemapper.Quality:5]]
[2020.09.22-16.52.09:505][  0]LogConfig: Setting CVar [[r.DOF.Gather.AccumulatorQuality:1        ; higher gathering accumulator quality]]
[2020.09.22-16.52.09:505][  0]LogConfig: Setting CVar [[r.DOF.Gather.PostfilterMethod:1          ; Median3x3 postfilering method]]
[2020.09.22-16.52.09:505][  0]LogConfig: Setting CVar [[r.DOF.Gather.EnableBokehSettings:0       ; no bokeh simulation when gathering]]
[2020.09.22-16.52.09:505][  0]LogConfig: Setting CVar [[r.DOF.Gather.RingCount:4                 ; medium number of samples when gathering]]
[2020.09.22-16.52.09:505][  0]LogConfig: Setting CVar [[r.DOF.Scatter.ForegroundCompositing:1    ; additive foreground scattering]]
[2020.09.22-16.52.09:505][  0]LogConfig: Setting CVar [[r.DOF.Scatter.BackgroundCompositing:2    ; additive background scattering]]
[2020.09.22-16.52.09:505][  0]LogConfig: Setting CVar [[r.DOF.Scatter.EnableBokehSettings:1      ; bokeh simulation when scattering]]
[2020.09.22-16.52.09:505][  0]LogConfig: Setting CVar [[r.DOF.Scatter.MaxSpriteRatio:0.1         ; only a maximum of 10% of scattered bokeh]]
[2020.09.22-16.52.09:505][  0]LogConfig: Setting CVar [[r.DOF.Recombine.Quality:1                ; cheap slight out of focus]]
[2020.09.22-16.52.09:505][  0]LogConfig: Setting CVar [[r.DOF.Recombine.EnableBokehSettings:0    ; no bokeh simulation on slight out of focus]]
[2020.09.22-16.52.09:505][  0]LogConfig: Setting CVar [[r.DOF.TemporalAAQuality:1                ; more stable temporal accumulation]]
[2020.09.22-16.52.09:505][  0]LogConfig: Setting CVar [[r.DOF.Kernel.MaxForegroundRadius:0.025]]
[2020.09.22-16.52.09:505][  0]LogConfig: Setting CVar [[r.DOF.Kernel.MaxBackgroundRadius:0.025]]
[2020.09.22-16.52.09:505][  0]LogConfig: Applying CVar settings from Section [TextureQuality@3] File [E:/Git Hub/The Wings2/Buffalo_Sauce/Saved/Config/Windows/Scalability.ini]
[2020.09.22-16.52.09:505][  0]LogConfig: Setting CVar [[r.Streaming.MipBias:0]]
[2020.09.22-16.52.09:505][  0]LogConfig: Setting CVar [[r.Streaming.AmortizeCPUToGPUCopy:0]]
[2020.09.22-16.52.09:505][  0]LogConfig: Setting CVar [[r.Streaming.MaxNumTexturesToStreamPerFrame:0]]
[2020.09.22-16.52.09:505][  0]LogConfig: Setting CVar [[r.Streaming.Boost:1]]
[2020.09.22-16.52.09:505][  0]LogConfig: Setting CVar [[r.MaxAnisotropy:8]]
[2020.09.22-16.52.09:505][  0]LogConfig: Setting CVar [[r.VT.MaxAnisotropy:8]]
[2020.09.22-16.52.09:505][  0]LogConfig: Setting CVar [[r.Streaming.LimitPoolSizeToVRAM:0]]
[2020.09.22-16.52.09:505][  0]LogConfig: Setting CVar [[r.Streaming.PoolSize:1000]]
[2020.09.22-16.52.09:505][  0]LogConfig: Setting CVar [[r.Streaming.MaxEffectiveScreenSize:0]]
[2020.09.22-16.52.09:505][  0]LogConfig: Applying CVar settings from Section [EffectsQuality@3] File [E:/Git Hub/The Wings2/Buffalo_Sauce/Saved/Config/Windows/Scalability.ini]
[2020.09.22-16.52.09:505][  0]LogConfig: Setting CVar [[r.TranslucencyLightingVolumeDim:64]]
[2020.09.22-16.52.09:505][  0]LogConfig: Setting CVar [[r.RefractionQuality:2]]
[2020.09.22-16.52.09:505][  0]LogConfig: Setting CVar [[r.SSR.Quality:3]]
[2020.09.22-16.52.09:505][  0]LogConfig: Setting CVar [[r.SSR.HalfResSceneColor:0]]
[2020.09.22-16.52.09:505][  0]LogConfig: Setting CVar [[r.SceneColorFormat:4]]
[2020.09.22-16.52.09:505][  0]LogConfig: Setting CVar [[r.DetailMode:2]]
[2020.09.22-16.52.09:505][  0]LogConfig: Setting CVar [[r.TranslucencyVolumeBlur:1]]
[2020.09.22-16.52.09:505][  0]LogConfig: Setting CVar [[r.MaterialQualityLevel:1 ; High quality]]
[2020.09.22-16.52.09:505][  0]LogConfig: Setting CVar [[r.SSS.Scale:1]]
[2020.09.22-16.52.09:505][  0]LogConfig: Setting CVar [[r.SSS.SampleSet:2]]
[2020.09.22-16.52.09:505][  0]LogConfig: Setting CVar [[r.SSS.Quality:1]]
[2020.09.22-16.52.09:505][  0]LogConfig: Setting CVar [[r.SSS.HalfRes:0]]
[2020.09.22-16.52.09:505][  0]LogConfig: Setting CVar [[r.SSGI.Quality:3]]
[2020.09.22-16.52.09:505][  0]LogConfig: Setting CVar [[r.EmitterSpawnRateScale:1.0]]
[2020.09.22-16.52.09:505][  0]LogConfig: Setting CVar [[r.ParticleLightQuality:2]]
[2020.09.22-16.52.09:505][  0]LogConfig: Setting CVar [[r.SkyAtmosphere.AerialPerspectiveLUT.FastApplyOnOpaque:1 ; Always have FastSkyLUT 1 in this case to avoid wrong sky]]
[2020.09.22-16.52.09:505][  0]LogConfig: Setting CVar [[r.SkyAtmosphere.AerialPerspectiveLUT.SampleCountPerSlice:1]]
[2020.09.22-16.52.09:505][  0]LogConfig: Setting CVar [[r.SkyAtmosphere.AerialPerspectiveLUT.DepthResolution:16.0]]
[2020.09.22-16.52.09:505][  0]LogConfig: Setting CVar [[r.SkyAtmosphere.FastSkyLUT:1]]
[2020.09.22-16.52.09:505][  0]LogConfig: Setting CVar [[r.SkyAtmosphere.FastSkyLUT.SampleCountMin:4.0]]
[2020.09.22-16.52.09:505][  0]LogConfig: Setting CVar [[r.SkyAtmosphere.FastSkyLUT.SampleCountMax:32.0]]
[2020.09.22-16.52.09:505][  0]LogConfig: Setting CVar [[r.SkyAtmosphere.SampleCountMin:4.0]]
[2020.09.22-16.52.09:505][  0]LogConfig: Setting CVar [[r.SkyAtmosphere.SampleCountMax:32.0]]
[2020.09.22-16.52.09:506][  0]LogConfig: Setting CVar [[r.SkyAtmosphere.TransmittanceLUT.UseSmallFormat:0]]
[2020.09.22-16.52.09:506][  0]LogConfig: Setting CVar [[r.SkyAtmosphere.TransmittanceLUT.SampleCount:10.0]]
[2020.09.22-16.52.09:506][  0]LogConfig: Setting CVar [[r.SkyAtmosphere.MultiScatteringLUT.SampleCount:15.0]]
[2020.09.22-16.52.09:506][  0]LogConfig: Applying CVar settings from Section [FoliageQuality@3] File [E:/Git Hub/The Wings2/Buffalo_Sauce/Saved/Config/Windows/Scalability.ini]
[2020.09.22-16.52.09:506][  0]LogConfig: Setting CVar [[foliage.DensityScale:1.0]]
[2020.09.22-16.52.09:506][  0]LogConfig: Setting CVar [[grass.DensityScale:1.0]]
[2020.09.22-16.52.09:506][  0]LogConfig: Applying CVar settings from Section [ShadingQuality@3] File [E:/Git Hub/The Wings2/Buffalo_Sauce/Saved/Config/Windows/Scalability.ini]
[2020.09.22-16.52.09:506][  0]LogConfig: Setting CVar [[r.HairStrands.SkyLighting.SampleCount:16]]
[2020.09.22-16.52.09:506][  0]LogConfig: Setting CVar [[r.HairStrands.SkyLighting.JitterIntegration:0]]
[2020.09.22-16.52.09:506][  0]LogConfig: Setting CVar [[r.HairStrands.SkyAO.SampleCount:16]]
[2020.09.22-16.52.09:506][  0]LogConfig: Setting CVar [[r.HairStrands.DeepShadow.SuperSampling:0]]
[2020.09.22-16.52.09:506][  0]LogConfig: Setting CVar [[r.HairStrands.VisibilityPPLL:0]]
[2020.09.22-16.52.09:506][  0]LogConfig: Setting CVar [[r.HairStrands.RasterizationScale:0.5]]
[2020.09.22-16.52.09:506][  0]LogConfig: Setting CVar [[r.HairStrands.VelocityRasterizationScale:1]]
[2020.09.22-16.52.09:506][  0]LogInit: Selected Device Profile: [Windows]
[2020.09.22-16.52.09:506][  0]LogInit: Applying CVar settings loaded from the selected device profile: [Windows]
[2020.09.22-16.52.09:506][  0]LogHAL: Display: Platform has ~ 16 GB [17063690240 / 17179869184 / 16], which maps to Larger [LargestMinGB=32, LargerMinGB=12, DefaultMinGB=8, SmallerMinGB=6, SmallestMinGB=0)
[2020.09.22-16.52.09:506][  0]LogInit: Going up to parent DeviceProfile []
[2020.09.22-16.52.09:506][  0]LogConfig: Applying CVar settings from Section [ViewDistanceQuality@3] File [E:/Git Hub/The Wings2/Buffalo_Sauce/Saved/Config/Windows/Scalability.ini]
[2020.09.22-16.52.09:506][  0]LogConfig: Setting CVar [[r.SkeletalMeshLODBias:0]]
[2020.09.22-16.52.09:506][  0]LogConfig: Setting CVar [[r.ViewDistanceScale:1.0]]
[2020.09.22-16.52.09:506][  0]LogConfig: Applying CVar settings from Section [AntiAliasingQuality@3] File [E:/Git Hub/The Wings2/Buffalo_Sauce/Saved/Config/Windows/Scalability.ini]
[2020.09.22-16.52.09:506][  0]LogConfig: Setting CVar [[r.PostProcessAAQuality:4]]
[2020.09.22-16.52.09:506][  0]LogConfig: Applying CVar settings from Section [ShadowQuality@3] File [E:/Git Hub/The Wings2/Buffalo_Sauce/Saved/Config/Windows/Scalability.ini]
[2020.09.22-16.52.09:506][  0]LogConfig: Setting CVar [[r.LightFunctionQuality:1]]
[2020.09.22-16.52.09:506][  0]LogConfig: Setting CVar [[r.ShadowQuality:5]]
[2020.09.22-16.52.09:506][  0]LogConfig: Setting CVar [[r.Shadow.CSM.MaxCascades:10]]
[2020.09.22-16.52.09:506][  0]LogConfig: Setting CVar [[r.Shadow.MaxResolution:2048]]
[2020.09.22-16.52.09:506][  0]LogConfig: Setting CVar [[r.Shadow.MaxCSMResolution:2048]]
[2020.09.22-16.52.09:506][  0]LogConfig: Setting CVar [[r.Shadow.RadiusThreshold:0.01]]
[2020.09.22-16.52.09:506][  0]LogConfig: Setting CVar [[r.Shadow.DistanceScale:1.0]]
[2020.09.22-16.52.09:506][  0]LogConfig: Setting CVar [[r.Shadow.CSM.TransitionScale:1.0]]
[2020.09.22-16.52.09:506][  0]LogConfig: Setting CVar [[r.Shadow.PreShadowResolutionFactor:1.0]]
[2020.09.22-16.52.09:506][  0]LogConfig: Setting CVar [[r.DistanceFieldShadowing:1]]
[2020.09.22-16.52.09:506][  0]LogConfig: Setting CVar [[r.DistanceFieldAO:1]]
[2020.09.22-16.52.09:506][  0]LogConfig: Setting CVar [[r.AOQuality:2]]
[2020.09.22-16.52.09:506][  0]LogConfig: Setting CVar [[r.VolumetricFog:1]]
[2020.09.22-16.52.09:506][  0]LogConfig: Setting CVar [[r.VolumetricFog.GridPixelSize:8]]
[2020.09.22-16.52.09:506][  0]LogConfig: Setting CVar [[r.VolumetricFog.GridSizeZ:128]]
[2020.09.22-16.52.09:506][  0]LogConfig: Setting CVar [[r.VolumetricFog.HistoryMissSupersampleCount:4]]
[2020.09.22-16.52.09:506][  0]LogConfig: Setting CVar [[r.LightMaxDrawDistanceScale:1]]
[2020.09.22-16.52.09:506][  0]LogConfig: Setting CVar [[r.CapsuleShadows:1]]
[2020.09.22-16.52.09:506][  0]LogConfig: Applying CVar settings from Section [PostProcessQuality@3] File [E:/Git Hub/The Wings2/Buffalo_Sauce/Saved/Config/Windows/Scalability.ini]
[2020.09.22-16.52.09:506][  0]LogConfig: Setting CVar [[r.MotionBlurQuality:4]]
[2020.09.22-16.52.09:506][  0]LogConfig: Setting CVar [[r.AmbientOcclusionMipLevelFactor:0.4]]
[2020.09.22-16.52.09:506][  0]LogConfig: Setting CVar [[r.AmbientOcclusionMaxQuality:100]]
[2020.09.22-16.52.09:506][  0]LogConfig: Setting CVar [[r.AmbientOcclusionLevels:-1]]
[2020.09.22-16.52.09:506][  0]LogConfig: Setting CVar [[r.AmbientOcclusionRadiusScale:1.0]]
[2020.09.22-16.52.09:506][  0]LogConfig: Setting CVar [[r.DepthOfFieldQuality:2]]
[2020.09.22-16.52.09:506][  0]LogConfig: Setting CVar [[r.RenderTargetPoolMin:400]]
[2020.09.22-16.52.09:506][  0]LogConfig: Setting CVar [[r.LensFlareQuality:2]]
[2020.09.22-16.52.09:506][  0]LogConfig: Setting CVar [[r.SceneColorFringeQuality:1]]
[2020.09.22-16.52.09:506][  0]LogConfig: Setting CVar [[r.EyeAdaptationQuality:2]]
[2020.09.22-16.52.09:506][  0]LogConfig: Setting CVar [[r.BloomQuality:5]]
[2020.09.22-16.52.09:506][  0]LogConfig: Setting CVar [[r.FastBlurThreshold:100]]
[2020.09.22-16.52.09:506][  0]LogConfig: Setting CVar [[r.Upscale.Quality:3]]
[2020.09.22-16.52.09:506][  0]LogConfig: Setting CVar [[r.Tonemapper.GrainQuantization:1]]
[2020.09.22-16.52.09:506][  0]LogConfig: Setting CVar [[r.LightShaftQuality:1]]
[2020.09.22-16.52.09:506][  0]LogConfig: Setting CVar [[r.Filter.SizeScale:1]]
[2020.09.22-16.52.09:506][  0]LogConfig: Setting CVar [[r.Tonemapper.Quality:5]]
[2020.09.22-16.52.09:506][  0]LogConfig: Setting CVar [[r.DOF.Gather.AccumulatorQuality:1        ; higher gathering accumulator quality]]
[2020.09.22-16.52.09:506][  0]LogConfig: Setting CVar [[r.DOF.Gather.PostfilterMethod:1          ; Median3x3 postfilering method]]
[2020.09.22-16.52.09:506][  0]LogConfig: Setting CVar [[r.DOF.Gather.EnableBokehSettings:0       ; no bokeh simulation when gathering]]
[2020.09.22-16.52.09:506][  0]LogConfig: Setting CVar [[r.DOF.Gather.RingCount:4                 ; medium number of samples when gathering]]
[2020.09.22-16.52.09:506][  0]LogConfig: Setting CVar [[r.DOF.Scatter.ForegroundCompositing:1    ; additive foreground scattering]]
[2020.09.22-16.52.09:506][  0]LogConfig: Setting CVar [[r.DOF.Scatter.BackgroundCompositing:2    ; additive background scattering]]
[2020.09.22-16.52.09:506][  0]LogConfig: Setting CVar [[r.DOF.Scatter.EnableBokehSettings:1      ; bokeh simulation when scattering]]
[2020.09.22-16.52.09:506][  0]LogConfig: Setting CVar [[r.DOF.Scatter.MaxSpriteRatio:0.1         ; only a maximum of 10% of scattered bokeh]]
[2020.09.22-16.52.09:506][  0]LogConfig: Setting CVar [[r.DOF.Recombine.Quality:1                ; cheap slight out of focus]]
[2020.09.22-16.52.09:506][  0]LogConfig: Setting CVar [[r.DOF.Recombine.EnableBokehSettings:0    ; no bokeh simulation on slight out of focus]]
[2020.09.22-16.52.09:506][  0]LogConfig: Setting CVar [[r.DOF.TemporalAAQuality:1                ; more stable temporal accumulation]]
[2020.09.22-16.52.09:506][  0]LogConfig: Setting CVar [[r.DOF.Kernel.MaxForegroundRadius:0.025]]
[2020.09.22-16.52.09:506][  0]LogConfig: Setting CVar [[r.DOF.Kernel.MaxBackgroundRadius:0.025]]
[2020.09.22-16.52.09:506][  0]LogConfig: Applying CVar settings from Section [TextureQuality@3] File [E:/Git Hub/The Wings2/Buffalo_Sauce/Saved/Config/Windows/Scalability.ini]
[2020.09.22-16.52.09:506][  0]LogConfig: Setting CVar [[r.Streaming.MipBias:0]]
[2020.09.22-16.52.09:506][  0]LogConfig: Setting CVar [[r.Streaming.AmortizeCPUToGPUCopy:0]]
[2020.09.22-16.52.09:506][  0]LogConfig: Setting CVar [[r.Streaming.MaxNumTexturesToStreamPerFrame:0]]
[2020.09.22-16.52.09:507][  0]LogConfig: Setting CVar [[r.Streaming.Boost:1]]
[2020.09.22-16.52.09:507][  0]LogConfig: Setting CVar [[r.MaxAnisotropy:8]]
[2020.09.22-16.52.09:507][  0]LogConfig: Setting CVar [[r.VT.MaxAnisotropy:8]]
[2020.09.22-16.52.09:507][  0]LogConfig: Setting CVar [[r.Streaming.LimitPoolSizeToVRAM:0]]
[2020.09.22-16.52.09:507][  0]LogConfig: Setting CVar [[r.Streaming.PoolSize:1000]]
[2020.09.22-16.52.09:507][  0]LogConfig: Setting CVar [[r.Streaming.MaxEffectiveScreenSize:0]]
[2020.09.22-16.52.09:507][  0]LogConfig: Applying CVar settings from Section [EffectsQuality@3] File [E:/Git Hub/The Wings2/Buffalo_Sauce/Saved/Config/Windows/Scalability.ini]
[2020.09.22-16.52.09:507][  0]LogConfig: Setting CVar [[r.TranslucencyLightingVolumeDim:64]]
[2020.09.22-16.52.09:507][  0]LogConfig: Setting CVar [[r.RefractionQuality:2]]
[2020.09.22-16.52.09:507][  0]LogConfig: Setting CVar [[r.SSR.Quality:3]]
[2020.09.22-16.52.09:507][  0]LogConfig: Setting CVar [[r.SSR.HalfResSceneColor:0]]
[2020.09.22-16.52.09:507][  0]LogConfig: Setting CVar [[r.SceneColorFormat:4]]
[2020.09.22-16.52.09:507][  0]LogConfig: Setting CVar [[r.DetailMode:2]]
[2020.09.22-16.52.09:507][  0]LogConfig: Setting CVar [[r.TranslucencyVolumeBlur:1]]
[2020.09.22-16.52.09:507][  0]LogConfig: Setting CVar [[r.MaterialQualityLevel:1 ; High quality]]
[2020.09.22-16.52.09:507][  0]LogConfig: Setting CVar [[r.SSS.Scale:1]]
[2020.09.22-16.52.09:507][  0]LogConfig: Setting CVar [[r.SSS.SampleSet:2]]
[2020.09.22-16.52.09:507][  0]LogConfig: Setting CVar [[r.SSS.Quality:1]]
[2020.09.22-16.52.09:507][  0]LogConfig: Setting CVar [[r.SSS.HalfRes:0]]
[2020.09.22-16.52.09:507][  0]LogConfig: Setting CVar [[r.SSGI.Quality:3]]
[2020.09.22-16.52.09:507][  0]LogConfig: Setting CVar [[r.EmitterSpawnRateScale:1.0]]
[2020.09.22-16.52.09:507][  0]LogConfig: Setting CVar [[r.ParticleLightQuality:2]]
[2020.09.22-16.52.09:507][  0]LogConfig: Setting CVar [[r.SkyAtmosphere.AerialPerspectiveLUT.FastApplyOnOpaque:1 ; Always have FastSkyLUT 1 in this case to avoid wrong sky]]
[2020.09.22-16.52.09:507][  0]LogConfig: Setting CVar [[r.SkyAtmosphere.AerialPerspectiveLUT.SampleCountPerSlice:1]]
[2020.09.22-16.52.09:507][  0]LogConfig: Setting CVar [[r.SkyAtmosphere.AerialPerspectiveLUT.DepthResolution:16.0]]
[2020.09.22-16.52.09:507][  0]LogConfig: Setting CVar [[r.SkyAtmosphere.FastSkyLUT:1]]
[2020.09.22-16.52.09:507][  0]LogConfig: Setting CVar [[r.SkyAtmosphere.FastSkyLUT.SampleCountMin:4.0]]
[2020.09.22-16.52.09:507][  0]LogConfig: Setting CVar [[r.SkyAtmosphere.FastSkyLUT.SampleCountMax:32.0]]
[2020.09.22-16.52.09:507][  0]LogConfig: Setting CVar [[r.SkyAtmosphere.SampleCountMin:4.0]]
[2020.09.22-16.52.09:507][  0]LogConfig: Setting CVar [[r.SkyAtmosphere.SampleCountMax:32.0]]
[2020.09.22-16.52.09:507][  0]LogConfig: Setting CVar [[r.SkyAtmosphere.TransmittanceLUT.UseSmallFormat:0]]
[2020.09.22-16.52.09:507][  0]LogConfig: Setting CVar [[r.SkyAtmosphere.TransmittanceLUT.SampleCount:10.0]]
[2020.09.22-16.52.09:507][  0]LogConfig: Setting CVar [[r.SkyAtmosphere.MultiScatteringLUT.SampleCount:15.0]]
[2020.09.22-16.52.09:507][  0]LogConfig: Applying CVar settings from Section [FoliageQuality@3] File [E:/Git Hub/The Wings2/Buffalo_Sauce/Saved/Config/Windows/Scalability.ini]
[2020.09.22-16.52.09:507][  0]LogConfig: Setting CVar [[foliage.DensityScale:1.0]]
[2020.09.22-16.52.09:507][  0]LogConfig: Setting CVar [[grass.DensityScale:1.0]]
[2020.09.22-16.52.09:507][  0]LogConfig: Applying CVar settings from Section [ShadingQuality@3] File [E:/Git Hub/The Wings2/Buffalo_Sauce/Saved/Config/Windows/Scalability.ini]
[2020.09.22-16.52.09:507][  0]LogConfig: Setting CVar [[r.HairStrands.SkyLighting.SampleCount:16]]
[2020.09.22-16.52.09:507][  0]LogConfig: Setting CVar [[r.HairStrands.SkyLighting.JitterIntegration:0]]
[2020.09.22-16.52.09:507][  0]LogConfig: Setting CVar [[r.HairStrands.SkyAO.SampleCount:16]]
[2020.09.22-16.52.09:507][  0]LogConfig: Setting CVar [[r.HairStrands.DeepShadow.SuperSampling:0]]
[2020.09.22-16.52.09:507][  0]LogConfig: Setting CVar [[r.HairStrands.VisibilityPPLL:0]]
[2020.09.22-16.52.09:507][  0]LogConfig: Setting CVar [[r.HairStrands.RasterizationScale:0.5]]
[2020.09.22-16.52.09:507][  0]LogConfig: Setting CVar [[r.HairStrands.VelocityRasterizationScale:1]]
[2020.09.22-16.52.09:507][  0]LogConfig: Applying CVar settings from Section [Startup] File [../../../Engine/Config/ConsoleVariables.ini]
[2020.09.22-16.52.09:507][  0]LogConfig: Setting CVar [[net.UseAdaptiveNetUpdateFrequency:0]]
[2020.09.22-16.52.09:507][  0]LogConfig: Setting CVar [[p.chaos.AllowCreatePhysxBodies:1]]
[2020.09.22-16.52.09:507][  0]LogConfig: Setting CVar [[fx.SkipVectorVMBackendOptimizations:1]]
[2020.09.22-16.52.09:507][  0]LogConfig: Applying CVar settings from Section [ConsoleVariables] File [E:/Git Hub/The Wings2/Buffalo_Sauce/Saved/Config/Windows/Engine.ini]
[2020.09.22-16.52.09:507][  0]LogInit: Computer: DESKTOP-ND7JG5J
[2020.09.22-16.52.09:507][  0]LogInit: User: damia
[2020.09.22-16.52.09:507][  0]LogInit: CPU Page size=4096, Cores=4
[2020.09.22-16.52.09:507][  0]LogInit: High frequency timer resolution =10.000000 MHz
[2020.09.22-16.52.09:508][  0]LogMemory: Memory total: Physical=15.9GB (16GB approx)
[2020.09.22-16.52.09:508][  0]LogMemory: Platform Memory Stats for Windows
[2020.09.22-16.52.09:508][  0]LogMemory: Process Physical Memory: 113.43 MB used, 113.43 MB peak
[2020.09.22-16.52.09:508][  0]LogMemory: Process Virtual Memory: 96.11 MB used, 96.11 MB peak
[2020.09.22-16.52.09:508][  0]LogMemory: Physical Memory: 6321.18 MB used,  9952.03 MB free, 16273.20 MB total
[2020.09.22-16.52.09:508][  0]LogMemory: Virtual Memory: 5143.16 MB used,  134212584.00 MB free, 134217728.00 MB total
[2020.09.22-16.52.09:512][  0]LogWindows: WindowsPlatformFeatures enabled
[2020.09.22-16.52.09:541][  0]LogInit: Physics initialised using underlying interface: PhysX
[2020.09.22-16.52.09:542][  0]LogInit: Using OS detected language (en-US).
[2020.09.22-16.52.09:542][  0]LogInit: Using OS detected locale (en-CA).
[2020.09.22-16.52.09:547][  0]LogTextLocalizationManager: No specific localization for 'en-US' exists, so the 'en' localization will be used.
[2020.09.22-16.52.09:706][  0]LogInit: Setting process to per monitor DPI aware
[2020.09.22-16.52.09:737][  0]LogSlate: New Slate User Created.  User Index 0, Is Virtual User: 0
[2020.09.22-16.52.09:738][  0]LogSlate: Slate User Registered.  User Index 0, Is Virtual User: 0
[2020.09.22-16.52.09:882][  0]LogHMD: Failed to initialize OpenVR with code 110
[2020.09.22-16.52.09:882][  0]LogD3D11RHI: D3D11 min allowed feature level: 11_0
[2020.09.22-16.52.09:882][  0]LogD3D11RHI: D3D11 max allowed feature level: 11_0
[2020.09.22-16.52.09:882][  0]LogD3D11RHI: D3D11 adapters:
[2020.09.22-16.52.09:942][  0]LogD3D11RHI:    0. 'NVIDIA GeForce GTX 980M' (Feature Level 11_0)
[2020.09.22-16.52.09:942][  0]LogD3D11RHI:       4055/0/8136 MB DedicatedVideo/DedicatedSystem/SharedSystem, Outputs:1, VendorId:0x10de
[2020.09.22-16.52.09:948][  0]LogD3D11RHI:    1. 'Intel(R) Iris(TM) Pro Graphics 5200' (Feature Level 11_0)
[2020.09.22-16.52.09:948][  0]LogD3D11RHI:       112/0/2048 MB DedicatedVideo/DedicatedSystem/SharedSystem, Outputs:0, VendorId:0x8086
[2020.09.22-16.52.09:950][  0]LogD3D11RHI:    2. 'Microsoft Basic Render Driver' (Feature Level 11_0)
[2020.09.22-16.52.09:950][  0]LogD3D11RHI:       0/0/8136 MB DedicatedVideo/DedicatedSystem/SharedSystem, Outputs:0, VendorId:0x1414
[2020.09.22-16.52.09:950][  0]LogD3D11RHI: Chosen D3D11 Adapter: 0
[2020.09.22-16.52.09:970][  0]LogD3D11RHI: Creating new Direct3DDevice
[2020.09.22-16.52.09:970][  0]LogD3D11RHI:     GPU DeviceId: 0x13d7 (for the marketing name, search the web for "GPU Device Id")
[2020.09.22-16.52.09:970][  0]LogWindows: EnumDisplayDevices:
[2020.09.22-16.52.09:970][  0]LogWindows:    0. 'Intel(R) Iris(TM) Pro Graphics 5200' (P:1 D:1)
[2020.09.22-16.52.09:971][  0]LogWindows:    1. 'Intel(R) Iris(TM) Pro Graphics 5200' (P:0 D:0)
[2020.09.22-16.52.09:971][  0]LogWindows:    2. 'Intel(R) Iris(TM) Pro Graphics 5200' (P:0 D:0)
[2020.09.22-16.52.09:971][  0]LogWindows: DebugString: PrimaryIsNotTheChoosenAdapter PrimaryIsNotTheChoosenAdapter PrimaryIsNotTheChoosenAdapter FoundDriverCount:0 
[2020.09.22-16.52.09:971][  0]LogD3D11RHI:     Adapter Name: NVIDIA GeForce GTX 980M
[2020.09.22-16.52.09:971][  0]LogD3D11RHI:   Driver Version: Unknown (internal:Unknown, unified:Unknown)
[2020.09.22-16.52.09:971][  0]LogD3D11RHI:      Driver Date: Unknown
[2020.09.22-16.52.09:971][  0]LogRHI: Texture pool is 2839 MB (70% of 4055 MB)
[2020.09.22-16.52.10:014][  0]LogD3D11RHI: RHI has support for 64 bit atomics
[2020.09.22-16.52.10:015][  0]LogD3D11RHI: [Aftermath] Enabled and primed
[2020.09.22-16.52.10:015][  0]LogD3D11RHI: Async texture creation enabled
[2020.09.22-16.52.10:015][  0]LogD3D11RHI: Array index from any shader is supported
[2020.09.22-16.52.10:042][  0]LogD3D11RHI: GPU Timing Frequency: 1000.000000 (Debug: 2 1)
[2020.09.22-16.52.10:327][  0]LogTargetPlatformManager: Display: Loaded TargetPlatform 'AllDesktop'
[2020.09.22-16.52.10:348][  0]LogTargetPlatformManager: Display: Loaded TargetPlatform 'Android'
[2020.09.22-16.52.10:348][  0]LogTargetPlatformManager: Display: Loaded TargetPlatform 'Android_ASTC'
[2020.09.22-16.52.10:348][  0]LogTargetPlatformManager: Display: Loaded TargetPlatform 'Android_DXT'
[2020.09.22-16.52.10:348][  0]LogTargetPlatformManager: Display: Loaded TargetPlatform 'Android_ETC2'
[2020.09.22-16.52.10:348][  0]LogTargetPlatformManager: Display: Loaded TargetPlatform 'AndroidClient'
[2020.09.22-16.52.10:348][  0]LogTargetPlatformManager: Display: Loaded TargetPlatform 'Android_ASTCClient'
[2020.09.22-16.52.10:348][  0]LogTargetPlatformManager: Display: Loaded TargetPlatform 'Android_DXTClient'
[2020.09.22-16.52.10:348][  0]LogTargetPlatformManager: Display: Loaded TargetPlatform 'Android_ETC2Client'
[2020.09.22-16.52.10:348][  0]LogTargetPlatformManager: Display: Loaded TargetPlatform 'Android_Multi'
[2020.09.22-16.52.10:348][  0]LogTargetPlatformManager: Display: Loaded TargetPlatform 'Android_MultiClient'
[2020.09.22-16.52.10:371][  0]LogTargetPlatformManager: Display: Loaded TargetPlatform 'IOSClient'
[2020.09.22-16.52.10:371][  0]LogTargetPlatformManager: Display: Loaded TargetPlatform 'IOS'
[2020.09.22-16.52.10:381][  0]LogTargetPlatformManager: Display: Loaded TargetPlatform 'Linux'
[2020.09.22-16.52.10:389][  0]LogTargetPlatformManager: Display: Loaded TargetPlatform 'LinuxNoEditor'
[2020.09.22-16.52.10:398][  0]LogTargetPlatformManager: Display: Loaded TargetPlatform 'LinuxClient'
[2020.09.22-16.52.10:407][  0]LogTargetPlatformManager: Display: Loaded TargetPlatform 'LinuxServer'
[2020.09.22-16.52.10:415][  0]LogTargetPlatformManager: Display: Loaded TargetPlatform 'LinuxAArch64NoEditor'
[2020.09.22-16.52.10:424][  0]LogTargetPlatformManager: Display: Loaded TargetPlatform 'LinuxAArch64Client'
[2020.09.22-16.52.10:433][  0]LogTargetPlatformManager: Display: Loaded TargetPlatform 'LinuxAArch64Server'
[2020.09.22-16.52.10:459][  0]LogTargetPlatformManager: Display: Loaded TargetPlatform 'Lumin'
[2020.09.22-16.52.10:459][  0]LogTargetPlatformManager: Display: Loaded TargetPlatform 'LuminClient'
[2020.09.22-16.52.10:475][  0]LogTargetPlatformManager: Display: Loaded TargetPlatform 'TVOSClient'
[2020.09.22-16.52.10:475][  0]LogTargetPlatformManager: Display: Loaded TargetPlatform 'TVOS'
[2020.09.22-16.52.10:483][  0]LogTargetPlatformManager: Display: Loaded TargetPlatform 'WindowsNoEditor'
[2020.09.22-16.52.10:492][  0]LogTargetPlatformManager: Display: Loaded TargetPlatform 'Windows'
[2020.09.22-16.52.10:501][  0]LogTargetPlatformManager: Display: Loaded TargetPlatform 'WindowsClient'
[2020.09.22-16.52.10:509][  0]LogTargetPlatformManager: Display: Loaded TargetPlatform 'WindowsServer'
[2020.09.22-16.52.10:509][  0]LogTargetPlatformManager: Display: Building Assets For Windows
[2020.09.22-16.52.10:516][  0]LogAudioDebug: Display: Lib vorbis DLL was dynamically loaded.
[2020.09.22-16.52.10:567][  0]LogShaderCompilers: Guid format shader working directory is 10 characters bigger than the processId version (E:/Git Hub/The Wings2/Buffalo_Sauce/Intermediate/Shaders/WorkingDirectory/14196/).
[2020.09.22-16.52.10:567][  0]LogShaderCompilers: Cleaned the shader compiler working directory 'C:/Users/damia/AppData/Local/Temp/UnrealShaderWorkingDir/CA5CE4E64DEA1824FDCA6793EF54F949/'.
[2020.09.22-16.52.10:567][  0]LogXGEController: Cleaning working directory: C:/Users/damia/AppData/Local/Temp/UnrealXGEWorkingDir/
[2020.09.22-16.52.10:568][  0]LogXGEController: Cannot use XGE Controller as Incredibuild is not installed on this machine.
[2020.09.22-16.52.10:568][  0]LogShaderCompilers: Cannot use XGE Shader Compiler as Incredibuild is not installed on this machine.
[2020.09.22-16.52.10:568][  0]LogShaderCompilers: Display: Using Local Shader Compiler.
[2020.09.22-16.52.11:307][  0]LogDerivedDataCache: Display: Max Cache Size: 512 MB
[2020.09.22-16.52.11:355][  0]LogDerivedDataCache: Loaded boot cache 0.05s 75MB C:/Users/damia/AppData/Local/UnrealEngine/4.25/DerivedDataCache/Boot.ddc.
[2020.09.22-16.52.11:355][  0]LogDerivedDataCache: Display: Loaded Boot cache: C:/Users/damia/AppData/Local/UnrealEngine/4.25/DerivedDataCache/Boot.ddc
[2020.09.22-16.52.11:355][  0]LogDerivedDataCache: FDerivedDataBackendGraph:  Pak pak cache file E:/Git Hub/The Wings2/Buffalo_Sauce/DerivedDataCache/DDC.ddp not found, will not use a pak cache.
[2020.09.22-16.52.11:355][  0]LogDerivedDataCache: Unable to find inner node Pak for hierarchical cache Hierarchy.
[2020.09.22-16.52.11:355][  0]LogDerivedDataCache: FDerivedDataBackendGraph:  CompressedPak pak cache file E:/Git Hub/The Wings2/Buffalo_Sauce/DerivedDataCache/Compressed.ddp not found, will not use a pak cache.
[2020.09.22-16.52.11:355][  0]LogDerivedDataCache: Unable to find inner node CompressedPak for hierarchical cache Hierarchy.
[2020.09.22-16.52.11:365][  0]LogDerivedDataCache: Display: Pak cache opened for reading ../../../Engine/DerivedDataCache/Compressed.ddp.
[2020.09.22-16.52.11:365][  0]LogDerivedDataCache: FDerivedDataBackendGraph:  EnterprisePak pak cache file ../../../Enterprise/DerivedDataCache/Compressed.ddp not found, will not use a pak cache.
[2020.09.22-16.52.11:365][  0]LogDerivedDataCache: Unable to find inner node EnterprisePak for hierarchical cache Hierarchy.
[2020.09.22-16.52.11:366][  0]LogDerivedDataCache: Using Local data cache path C:/Users/damia/AppData/Local/UnrealEngine/Common/DerivedDataCache: Writable
[2020.09.22-16.52.11:366][  0]LogDerivedDataCache: Shared data cache path not found in *engine.ini, will not use an Shared cache.
[2020.09.22-16.52.11:366][  0]LogDerivedDataCache: Unable to find inner node Shared for hierarchical cache Hierarchy.
[2020.09.22-16.52.11:416][  0]LogSlate: Using FreeType 2.10.0
[2020.09.22-16.52.11:416][  0]LogSlate: SlateFontServices - WITH_FREETYPE: 1, WITH_HARFBUZZ: 1
[2020.09.22-16.52.11:440][  0]LogAssetRegistry: FAssetRegistry took 0.0025 seconds to start up
[2020.09.22-16.52.11:689][  0]LogInit: Selected Device Profile: [Windows]
[2020.09.22-16.52.11:856][  0]LogMeshReduction: Using QuadricMeshReduction for automatic static mesh reduction
[2020.09.22-16.52.11:856][  0]LogMeshReduction: Using SimplygonMeshReduction for automatic skeletal mesh reduction
[2020.09.22-16.52.11:856][  0]LogMeshReduction: Using ProxyLODMeshReduction for automatic mesh merging
[2020.09.22-16.52.11:856][  0]LogMeshReduction: No distributed automatic mesh merging module available
[2020.09.22-16.52.11:856][  0]LogMeshMerging: No distributed automatic mesh merging module available
[2020.09.22-16.52.11:871][  0]LogNetVersion: Buffalo_Sauce 1.0.0, NetCL: 13144385, EngineNetVer: 14, GameNetVer: 0 (Checksum: 69185884)
[2020.09.22-16.52.12:272][  0]LogAISub: UAISubsystem::UAISubsystem AISubsystem (000002DE7BA401C0), frame # 0
[2020.09.22-16.52.12:272][  0]LogAISub: UAISubsystem::UAISubsystem AIPerceptionSystem (000002DE7C953B00), frame # 0
[2020.09.22-16.52.12:274][  0]LogAISub: UAISubsystem::UAISubsystem EnvQueryManager (000002DE7C9BDE00), frame # 0
[2020.09.22-16.52.12:390][  0]LogPackageLocalizationCache: Processed 19 localized package path(s) for 1 prioritized culture(s) in 0.112100 seconds
[2020.09.22-16.52.12:395][  0]LogUObjectArray: 15917 objects as part of root set at end of initial load.
[2020.09.22-16.52.12:395][  0]LogUObjectAllocator: 3965568 out of 0 bytes used by permanent object pool.
[2020.09.22-16.52.12:395][  0]LogUObjectArray: CloseDisregardForGC: 0/0 objects in disregard for GC pool
[2020.09.22-16.52.12:679][  0]LogTcpMessaging: Initializing TcpMessaging bridge
[2020.09.22-16.52.12:682][  0]LogUdpMessaging: Initializing bridge on interface 0.0.0.0:0 to multicast group 230.0.0.1:6666.
[2020.09.22-16.52.12:747][  0]SourceControl: Source control is disabled
[2020.09.22-16.52.12:747][  0]SourceControl: Source control is disabled
[2020.09.22-16.52.12:749][  0]SourceControl: Source control is disabled
[2020.09.22-16.52.12:752][  0]SourceControl: Source control is disabled
[2020.09.22-16.52.12:757][  0]SourceControl: Source control is disabled
[2020.09.22-16.52.12:768][  0]LogVSAccessor: Display: Unable to create Visual Studio setup instance: 80040154
[2020.09.22-16.52.12:768][  0]LogVSAccessor: Display: Unable to create Visual Studio setup instance: 80040154
[2020.09.22-16.52.12:964][  0]LogAndroidPermission: UAndroidPermissionCallbackProxy::GetInstance
[2020.09.22-16.52.12:980][  0]LogAudioCaptureCore: Display: No Audio Capture implementations found. Audio input will be silent.
[2020.09.22-16.52.12:980][  0]LogAudioCaptureCore: Display: No Audio Capture implementations found. Audio input will be silent.
[2020.09.22-16.52.13:023][  0]LogOcInput: OculusInput pre-init called
[2020.09.22-16.52.13:033][  0]LogWindows: Failed to load 'OVRPlugin.dll' (GetLastError=126)
[2020.09.22-16.52.13:033][  0]LogWindows: File 'OVRPlugin.dll' does not exist
[2020.09.22-16.52.13:089][  0]LogEngine: Initializing Engine...
[2020.09.22-16.52.13:090][  0]LogHMD: Failed to initialize OpenVR with code 110
[2020.09.22-16.52.13:090][  0]LogMagicLeap: Warning: VR disabled because ZI is not enabled.  To enable, in the editor, Edit -> Project Settings -> Plugins -> Magic Leap Plugin -> Enable Zero Iteration
[2020.09.22-16.52.13:091][  0]LogStats: UGameplayTagsManager::InitializeManager -  0.000 s
[2020.09.22-16.52.13:197][  0]LogInit: Initializing FReadOnlyCVARCache
[2020.09.22-16.52.13:204][  0]LogAIModule: Creating AISystem for world Untitled
[2020.09.22-16.52.13:204][  0]LogAISub: UAISubsystem::UAISubsystem EnvQueryManager (000002DE03EB0600), frame # 0
[2020.09.22-16.52.13:204][  0]LogAISub: UAISubsystem::UAISubsystem AIPerceptionSystem (000002DE03EC0B80), frame # 0
[2020.09.22-16.52.13:223][  0]LogAudioMixer: Display: Audio Mixer Platform Settings:
[2020.09.22-16.52.13:223][  0]LogAudioMixer: Display: 	Sample Rate:						  48000
[2020.09.22-16.52.13:223][  0]LogAudioMixer: Display: 	Callback Buffer Frame Size Requested: 1024
[2020.09.22-16.52.13:223][  0]LogAudioMixer: Display: 	Callback Buffer Frame Size To Use:	  1024
[2020.09.22-16.52.13:223][  0]LogAudioMixer: Display: 	Number of buffers to queue:			  2
[2020.09.22-16.52.13:224][  0]LogAudioMixer: Display: 	Max Channels (voices):				  32
[2020.09.22-16.52.13:224][  0]LogAudioMixer: Display: 	Number of Async Source Workers:		  0
[2020.09.22-16.52.13:224][  0]LogAudio: Display: AudioDevice MaxSources: 32
[2020.09.22-16.52.13:224][  0]LogAudio: Display: Using built-in audio occlusion.
[2020.09.22-16.52.13:224][  0]LogAudioMixer: Display: Initializing audio mixer.
[2020.09.22-16.52.13:232][  0]LogAudioMixer: Display: 0: FrontLeft
[2020.09.22-16.52.13:232][  0]LogAudioMixer: Display: 1: FrontRight
[2020.09.22-16.52.13:258][  0]LogAudioMixer: Display: Using Audio Device Speakers (Sound Blaster Recon3Di)
[2020.09.22-16.52.13:262][  0]LogAudioMixer: Display: Initializing Sound Submixes...
[2020.09.22-16.52.13:265][  0]LogAudioMixer: Display: Creating Master Submix 'MasterSubmixDefault'
[2020.09.22-16.52.13:265][  0]LogAudioMixer: Display: Creating Master Submix 'MasterReverbSubmixDefault'
[2020.09.22-16.52.13:266][  0]LogAudioMixer: Display: Creating Master Submix 'MasterEQSubmixDefault'
[2020.09.22-16.52.13:267][  0]LogInit: FAudioDevice initialized.
[2020.09.22-16.52.13:267][  0]LogNetVersion: Set ProjectVersion to 1.0.0.0. Version Checksum will be recalculated on next use.
[2020.09.22-16.52.13:349][  0]LogDerivedDataCache: Saved boot cache 0.08s 75MB C:/Users/damia/AppData/Local/UnrealEngine/4.25/DerivedDataCache/Boot.ddc.
[2020.09.22-16.52.13:353][  0]LogInit: Texture streaming: Enabled
[2020.09.22-16.52.13:368][  0]LogEngineSessionManager: EngineSessionManager initialized
[2020.09.22-16.52.13:368][  0]LogEngineSessionManager: EngineSessionManager sent abnormal shutdown report. Type=Crashed, SessionId={53378E8A-452D-F8EF-369C-5B80F28B96BD}
[2020.09.22-16.52.13:368][  0]LogEditorSessionSummary: Verbose: Initializing EditorSessionSummaryWriter for editor session tracking
[2020.09.22-16.52.13:370][  0]LogEditorSessionSummary: EditorSessionSummaryWriter initialized
[2020.09.22-16.52.13:459][  0]LogInit: Transaction tracking system initialized
[2020.09.22-16.52.13:477][  0]BlueprintLog: New page: Editor Load
[2020.09.22-16.52.13:534][  0]LocalizationService: Localization service is disabled
[2020.09.22-16.52.13:607][  0]LogVSAccessor: Display: Unable to create Visual Studio setup instance: 80040154
[2020.09.22-16.52.13:608][  0]LogVSAccessor: Display: Unable to create Visual Studio setup instance: 80040154
[2020.09.22-16.52.13:680][  0]LogCook: Display: Max memory allowance for cook 16384mb min free memory 0mb
[2020.09.22-16.52.13:680][  0]LogCook: Display: Mobile HDR setting 1
[2020.09.22-16.52.13:783][  0]LogFileCache: Scanning file cache for directory 'E:/Git Hub/The Wings2/Buffalo_Sauce/Content/' took 0.01s
[2020.09.22-16.52.13:990][  0]SourceControl: Source control is disabled
[2020.09.22-16.52.14:112][  0]LogSlate: Took 0.000181 seconds to synchronously load lazily loaded font '../../../Engine/Content/Slate/Fonts/Roboto-Regular.ttf' (155K)
[2020.09.22-16.52.22:857][  0]LogSlate: Window 'Restore Packages' being destroyed
[2020.09.22-16.52.22:861][  0]LogWindowsTextInputMethodSystem: Display: IME system now deactivated.
[2020.09.22-16.52.22:877][  0]LogWindowsTextInputMethodSystem: Display: IME system now deactivated.
[2020.09.22-16.52.25:431][  0]LogSlate: Window 'Unable to Check Out From Source Control!' being destroyed
[2020.09.22-16.52.25:432][  0]LogWindowsTextInputMethodSystem: Display: IME system now deactivated.
[2020.09.22-16.52.25:435][  0]Message dialog closed, result: Ok, title: Unable to Check Out From Source Control!, text: The following assets could not be successfully checked out from source control:
/Game/ThirdPersonBP/Blueprints/Enemies/AI/NPCBase
[2020.09.22-16.52.25:458][  0]LogWindowsTextInputMethodSystem: Display: IME system now deactivated.
[2020.09.22-16.52.25:459][  0]LogUnrealEdMisc: Loading editor; pre map load, took 17.470
[2020.09.22-16.52.25:460][  0]Cmd: MAP LOAD FILE="E:/Git Hub/The Wings2/Buffalo_Sauce/Content/ThirdPersonBP/Maps/ThirdPersonExampleMap.umap" TEMPLATE=0 SHOWPROGRESS=1 FEATURELEVEL=3
[2020.09.22-16.52.25:461][  0]LightingResults: New page: Lighting Build
[2020.09.22-16.52.25:462][  0]LogWorld: UWorld::CleanupWorld for Untitled, bSessionEnded=true, bCleanupResources=true
[2020.09.22-16.52.25:462][  0]LogSlate: InvalidateAllWidgets triggered.  All widgets were invalidated
[2020.09.22-16.52.25:463][  0]MapCheck: New page: Map Check
[2020.09.22-16.52.25:463][  0]LightingResults: New page: Lighting Build
[2020.09.22-16.52.25:472][  0]LogAISub: UAISubsystem::~UAISubsystem EnvQueryManager (000002DE03EB0600), frame # 0
[2020.09.22-16.52.25:473][  0]LogAISub: UAISubsystem::~UAISubsystem AIPerceptionSystem (000002DE03EC0B80), frame # 0
[2020.09.22-16.52.25:474][  0]LogUObjectHash: Compacting FUObjectHashTables data took   0.95ms
[2020.09.22-16.52.25:739][  0]LogAIModule: Creating AISystem for world ThirdPersonExampleMap
[2020.09.22-16.52.25:739][  0]LogAISub: UAISubsystem::UAISubsystem EnvQueryManager (000002DE11E97E00), frame # 0
[2020.09.22-16.52.25:739][  0]LogAISub: UAISubsystem::UAISubsystem AIPerceptionSystem (000002DE12050680), frame # 0
[2020.09.22-16.52.25:763][  0]LogEditorServer: Finished looking for orphan Actors (0.000 secs)
[2020.09.22-16.52.25:776][  0]LogUObjectHash: Compacting FUObjectHashTables data took   0.87ms
[2020.09.22-16.52.25:776][  0]Cmd: MAP CHECKDEP NOCLEARLOG
[2020.09.22-16.52.25:777][  0]MapCheck: Map check complete: 0 Error(s), 0 Warning(s), took 0.133ms to complete.
[2020.09.22-16.52.25:777][  0]LogFileHelpers: Loading map 'ThirdPersonExampleMap' took 0.316
[2020.09.22-16.52.25:778][  0]LogUnrealEdMisc: Total Editor Startup Time, took 17.789
[2020.09.22-16.52.25:876][  0]LogSlate: Updating window title bar state: overlay mode, drag disabled, window buttons hidden, title bar hidden
[2020.09.22-16.52.25:883][  0]LogSlate: Updating window title bar state: overlay mode, drag disabled, window buttons hidden, title bar hidden
[2020.09.22-16.52.25:889][  0]LogSlate: Updating window title bar state: overlay mode, drag disabled, window buttons hidden, title bar hidden
[2020.09.22-16.52.25:896][  0]LogSlate: Updating window title bar state: overlay mode, drag disabled, window buttons hidden, title bar hidden
[2020.09.22-16.52.25:902][  0]LogCollectionManager: Loaded 0 collections in 0.000947 seconds
[2020.09.22-16.52.25:914][  0]LogFileCache: Scanning file cache for directory 'E:/Git Hub/The Wings2/Buffalo_Sauce/Saved/Collections/' took 0.00s
[2020.09.22-16.52.25:914][  0]LogFileCache: Scanning file cache for directory 'E:/Git Hub/The Wings2/Buffalo_Sauce/Content/Developers/damia/Collections/' took 0.00s
[2020.09.22-16.52.25:914][  0]LogFileCache: Scanning file cache for directory 'E:/Git Hub/The Wings2/Buffalo_Sauce/Content/Collections/' took 0.00s
[2020.09.22-16.52.25:914][  0]LogContentBrowser: Native class hierarchy populated in 0.0090 seconds. Added 3427 classes and 821 folders.
[2020.09.22-16.52.25:916][  0]LogContentBrowser: Native class hierarchy updated for 'WidgetCarousel' in 0.0002 seconds. Added 0 classes and 0 folders.
[2020.09.22-16.52.25:963][  0]LogContentBrowser: Native class hierarchy updated for 'AddContentDialog' in 0.0003 seconds. Added 0 classes and 0 folders.
[2020.09.22-16.52.25:964][  0]LogContentBrowser: Native class hierarchy updated for 'SceneOutliner' in 0.0002 seconds. Added 2 classes and 0 folders.
[2020.09.22-16.52.26:008][  0]LogSlate: Took 0.000202 seconds to synchronously load lazily loaded font '../../../Engine/Content/Slate/Fonts/Roboto-Bold.ttf' (160K)
[2020.09.22-16.52.26:014][  0]LogSlate: Took 0.000664 seconds to synchronously load lazily loaded font '../../../Engine/Content/Editor/Slate/Fonts/FontAwesome.ttf' (139K)
[2020.09.22-16.52.26:046][  0]LogRenderer: Reallocating scene render targets to support 1076x572 Format 10 NumSamples 1 (Frame:1).
[2020.09.22-16.52.26:140][  0]LogContentBrowser: Native class hierarchy updated for 'HierarchicalLODOutliner' in 0.0003 seconds. Added 0 classes and 0 folders.
[2020.09.22-16.52.26:140][  0]LogLoad: (Engine Initialization) Total time: 18.15 seconds
[2020.09.22-16.52.26:140][  0]LogLoad: (Engine Initialization) Total Blueprint compile time: 0.00 seconds
[2020.09.22-16.52.26:191][  0]LogAssetRegistry: Asset discovery search completed in 14.7517 seconds
[2020.09.22-16.52.26:196][  0]LogCollectionManager: Fixed up redirectors for 0 collections in 0.000002 seconds (updated 0 objects)
[2020.09.22-16.52.26:201][  0]LogContentStreaming: Texture pool size now 1000 MB
[2020.09.22-16.52.26:223][  0]LogSlate: Took 0.000140 seconds to synchronously load lazily loaded font '../../../Engine/Content/Slate/Fonts/Roboto-Light.ttf' (167K)
[2020.09.22-16.52.27:177][ 55]LogSlate: Took 0.000150 seconds to synchronously load lazily loaded font '../../../Engine/Content/Slate/Fonts/Roboto-Light.ttf' (167K)
[2020.09.22-16.52.30:197][219]LogAssetEditorSubsystem: Opening Asset editor for Blueprint /Game/ThirdPersonBP/Blueprints/Snake.Snake
[2020.09.22-16.52.30:343][219]LogContentBrowser: Native class hierarchy updated for 'BlueprintGraph' in 0.0006 seconds. Added 125 classes and 0 folders.
[2020.09.22-16.52.31:299][219]LogSlate: Took 0.000175 seconds to synchronously load lazily loaded font '../../../Engine/Content/Slate/Fonts/Roboto-BoldCondensed.ttf' (158K)
[2020.09.22-16.52.36:393][516]LogTemp: Repeating last play command: Selected Viewport
[2020.09.22-16.52.36:423][516]LogPlayLevel: PlayLevel: No blueprints needed recompiling
[2020.09.22-16.52.36:428][516]PIE: New page: PIE session: ThirdPersonExampleMap (Sep. 22, 2020, 10:52:36 a.m.)
[2020.09.22-16.52.36:434][516]LogOnline: OSS: Creating online subsystem instance for: NULL
[2020.09.22-16.52.36:436][516]LogOnline: OSS: TryLoadSubsystemAndSetDefault: Loaded subsystem for module [NULL]
[2020.09.22-16.52.36:437][516]LogPlayLevel: Creating play world package: /Game/ThirdPersonBP/Maps/UEDPIE_0_ThirdPersonExampleMap
[2020.09.22-16.52.36:453][516]LogPlayLevel: PIE: StaticDuplicateObject took: (0.015389s)
[2020.09.22-16.52.36:454][516]LogAIModule: Creating AISystem for world ThirdPersonExampleMap
[2020.09.22-16.52.36:454][516]LogAISub: UAISubsystem::UAISubsystem EnvQueryManager (000002DE805BBE00), frame # 516
[2020.09.22-16.52.36:454][516]LogAISub: UAISubsystem::UAISubsystem AIPerceptionSystem (000002DE8061E340), frame # 516
[2020.09.22-16.52.36:455][516]LogPlayLevel: PIE: World Init took: (0.001838s)
[2020.09.22-16.52.36:455][516]LogPlayLevel: PIE: Created PIE world by copying editor world from /Game/ThirdPersonBP/Maps/ThirdPersonExampleMap.ThirdPersonExampleMap to /Game/ThirdPersonBP/Maps/UEDPIE_0_ThirdPersonExampleMap.ThirdPersonExampleMap (0.017376s)
[2020.09.22-16.52.36:484][516]LogUObjectHash: Compacting FUObjectHashTables data took   2.18ms
[2020.09.22-16.52.36:487][516]LogAudioMixer: Display: Audio Mixer Platform Settings:
[2020.09.22-16.52.36:487][516]LogAudioMixer: Display: 	Sample Rate:						  48000
[2020.09.22-16.52.36:487][516]LogAudioMixer: Display: 	Callback Buffer Frame Size Requested: 1024
[2020.09.22-16.52.36:487][516]LogAudioMixer: Display: 	Callback Buffer Frame Size To Use:	  1024
[2020.09.22-16.52.36:488][516]LogAudioMixer: Display: 	Number of buffers to queue:			  2
[2020.09.22-16.52.36:488][516]LogAudioMixer: Display: 	Max Channels (voices):				  32
[2020.09.22-16.52.36:488][516]LogAudioMixer: Display: 	Number of Async Source Workers:		  0
[2020.09.22-16.52.36:488][516]LogAudio: Display: AudioDevice MaxSources: 32
[2020.09.22-16.52.36:488][516]LogAudio: Display: Using built-in audio occlusion.
[2020.09.22-16.52.36:488][516]LogAudioMixer: Display: Initializing audio mixer.
[2020.09.22-16.52.36:490][516]LogAudioMixer: Display: 0: FrontLeft
[2020.09.22-16.52.36:490][516]LogAudioMixer: Display: 1: FrontRight
[2020.09.22-16.52.36:499][516]LogAudioMixer: Display: Using Audio Device Speakers (Sound Blaster Recon3Di)
[2020.09.22-16.52.36:499][516]LogAudioMixer: Display: Initializing Sound Submixes...
[2020.09.22-16.52.36:499][516]LogAudioMixer: Display: Creating Master Submix 'MasterSubmixDefault'
[2020.09.22-16.52.36:499][516]LogAudioMixer: Display: Creating Master Submix 'MasterReverbSubmixDefault'
[2020.09.22-16.52.36:499][516]LogAudioMixer: Display: Creating Master Submix 'MasterEQSubmixDefault'
[2020.09.22-16.52.36:512][516]LogInit: FAudioDevice initialized.
[2020.09.22-16.52.36:534][516]LogLoad: Game class is 'ThirdPersonGameMode_C'
[2020.09.22-16.52.36:543][516]LogWorld: Bringing World /Game/ThirdPersonBP/Maps/UEDPIE_0_ThirdPersonExampleMap.ThirdPersonExampleMap up for play (max tick rate 60) at 2020.09.22-13.52.36
[2020.09.22-16.52.36:554][516]LogWorld: Bringing up level for play took: 0.012842
[2020.09.22-16.52.36:555][516]LogOnline: OSS: Creating online subsystem instance for: :Context_3
[2020.09.22-16.52.36:565][516]LogContentBrowser: Native class hierarchy updated for 'MovieSceneCapture' in 0.0004 seconds. Added 20 classes and 0 folders.
[2020.09.22-16.52.36:573][516]PIE: Server logged in
[2020.09.22-16.52.36:573][516]PIE: Play in editor total start time 0.155 seconds.
[2020.09.22-16.52.46:240][ 69]LogSlate: Updating window title bar state: overlay mode, drag disabled, window buttons hidden, title bar hidden
[2020.09.22-16.52.46:240][ 69]LogWorld: BeginTearingDown for /Game/ThirdPersonBP/Maps/UEDPIE_0_ThirdPersonExampleMap
[2020.09.22-16.52.46:241][ 69]LogWorld: UWorld::CleanupWorld for ThirdPersonExampleMap, bSessionEnded=true, bCleanupResources=true
[2020.09.22-16.52.46:241][ 69]LogSlate: InvalidateAllWidgets triggered.  All widgets were invalidated
[2020.09.22-16.52.46:249][ 69]LogPlayLevel: Display: Shutting down PIE online subsystems
[2020.09.22-16.52.46:255][ 69]LogSlate: InvalidateAllWidgets triggered.  All widgets were invalidated
[2020.09.22-16.52.46:301][ 69]LogSlate: Updating window title bar state: overlay mode, drag disabled, window buttons hidden, title bar hidden
[2020.09.22-16.52.46:322][ 69]LogAISub: UAISubsystem::~UAISubsystem EnvQueryManager (000002DE805BBE00), frame # 1069
[2020.09.22-16.52.46:322][ 69]LogAISub: UAISubsystem::~UAISubsystem AIPerceptionSystem (000002DE8061E340), frame # 1069
[2020.09.22-16.52.46:326][ 69]LogUObjectHash: Compacting FUObjectHashTables data took   4.01ms
[2020.09.22-16.52.46:358][ 70]LogPlayLevel: Display: Destroying online subsystem :Context_3
[2020.09.22-16.52.51:840][394]LogAssetEditorSubsystem: Opening Asset editor for BehaviorTree /Game/ThirdPersonBP/Blueprints/Enemies/AI/NPCBT.NPCBT
[2020.09.22-16.52.55:749][615]LogAssetEditorSubsystem: Opening Asset editor for Blueprint /Game/ThirdPersonBP/Blueprints/Enemies/AI/RunAwayService.RunAwayService
[2020.09.22-16.52.56:239][616]LogSlate: Took 0.000158 seconds to synchronously load lazily loaded font '../../../Engine/Content/Slate/Fonts/Roboto-Italic.ttf' (157K)
[2020.09.22-16.53.00:570][871]LogAssetEditorSubsystem: Opening Asset editor for Blueprint /Game/ThirdPersonBP/Blueprints/Enemies/AI/NPCBase.NPCBase
[2020.09.22-16.53.08:926][337]LogTemp: Repeating last play command: Selected Viewport
[2020.09.22-16.53.08:952][337]LogPlayLevel: PlayLevel: No blueprints needed recompiling
[2020.09.22-16.53.08:953][337]PIE: New page: PIE session: ThirdPersonExampleMap (Sep. 22, 2020, 10:53:08 a.m.)
[2020.09.22-16.53.08:953][337]LogPlayLevel: Creating play world package: /Game/ThirdPersonBP/Maps/UEDPIE_0_ThirdPersonExampleMap
[2020.09.22-16.53.08:963][337]LogPlayLevel: PIE: StaticDuplicateObject took: (0.010379s)
[2020.09.22-16.53.08:964][337]LogAIModule: Creating AISystem for world ThirdPersonExampleMap
[2020.09.22-16.53.08:964][337]LogAISub: UAISubsystem::UAISubsystem EnvQueryManager (000002DE70DF4A00), frame # 2337
[2020.09.22-16.53.08:964][337]LogAISub: UAISubsystem::UAISubsystem AIPerceptionSystem (000002DE70FCE980), frame # 2337
[2020.09.22-16.53.08:965][337]LogPlayLevel: PIE: World Init took: (0.001428s)
[2020.09.22-16.53.08:965][337]LogPlayLevel: PIE: Created PIE world by copying editor world from /Game/ThirdPersonBP/Maps/ThirdPersonExampleMap.ThirdPersonExampleMap to /Game/ThirdPersonBP/Maps/UEDPIE_0_ThirdPersonExampleMap.ThirdPersonExampleMap (0.011940s)
[2020.09.22-16.53.09:002][337]LogUObjectHash: Compacting FUObjectHashTables data took   3.19ms
[2020.09.22-16.53.09:005][337]LogAudioMixer: Display: Audio Mixer Platform Settings:
[2020.09.22-16.53.09:005][337]LogAudioMixer: Display: 	Sample Rate:						  48000
[2020.09.22-16.53.09:005][337]LogAudioMixer: Display: 	Callback Buffer Frame Size Requested: 1024
[2020.09.22-16.53.09:005][337]LogAudioMixer: Display: 	Callback Buffer Frame Size To Use:	  1024
[2020.09.22-16.53.09:005][337]LogAudioMixer: Display: 	Number of buffers to queue:			  2
[2020.09.22-16.53.09:005][337]LogAudioMixer: Display: 	Max Channels (voices):				  32
[2020.09.22-16.53.09:005][337]LogAudioMixer: Display: 	Number of Async Source Workers:		  0
[2020.09.22-16.53.09:005][337]LogAudio: Display: AudioDevice MaxSources: 32
[2020.09.22-16.53.09:005][337]LogAudio: Display: Using built-in audio occlusion.
[2020.09.22-16.53.09:005][337]LogAudioMixer: Display: Initializing audio mixer.
[2020.09.22-16.53.09:008][337]LogAudioMixer: Display: 0: FrontLeft
[2020.09.22-16.53.09:008][337]LogAudioMixer: Display: 1: FrontRight
[2020.09.22-16.53.09:020][337]LogAudioMixer: Display: Using Audio Device Speakers (Sound Blaster Recon3Di)
[2020.09.22-16.53.09:020][337]LogAudioMixer: Display: Initializing Sound Submixes...
[2020.09.22-16.53.09:020][337]LogAudioMixer: Display: Creating Master Submix 'MasterSubmixDefault'
[2020.09.22-16.53.09:020][337]LogAudioMixer: Display: Creating Master Submix 'MasterReverbSubmixDefault'
[2020.09.22-16.53.09:021][337]LogAudioMixer: Display: Creating Master Submix 'MasterEQSubmixDefault'
[2020.09.22-16.53.09:034][337]LogInit: FAudioDevice initialized.
[2020.09.22-16.53.09:045][337]LogLoad: Game class is 'ThirdPersonGameMode_C'
[2020.09.22-16.53.09:047][337]LogWorld: Bringing World /Game/ThirdPersonBP/Maps/UEDPIE_0_ThirdPersonExampleMap.ThirdPersonExampleMap up for play (max tick rate 60) at 2020.09.22-13.53.09
[2020.09.22-16.53.09:048][337]LogWorld: Bringing up level for play took: 0.001932
[2020.09.22-16.53.09:048][337]LogOnline: OSS: Creating online subsystem instance for: :Context_6
[2020.09.22-16.53.09:050][337]PIE: Server logged in
[2020.09.22-16.53.09:051][337]PIE: Play in editor total start time 0.101 seconds.
[2020.09.22-16.53.16:119][757]LogSlate: Updating window title bar state: overlay mode, drag disabled, window buttons hidden, title bar hidden
[2020.09.22-16.53.16:119][757]LogWorld: BeginTearingDown for /Game/ThirdPersonBP/Maps/UEDPIE_0_ThirdPersonExampleMap
[2020.09.22-16.53.16:120][757]LogWorld: UWorld::CleanupWorld for ThirdPersonExampleMap, bSessionEnded=true, bCleanupResources=true
[2020.09.22-16.53.16:120][757]LogSlate: InvalidateAllWidgets triggered.  All widgets were invalidated
[2020.09.22-16.53.16:127][757]LogPlayLevel: Display: Shutting down PIE online subsystems
[2020.09.22-16.53.16:130][757]LogSlate: InvalidateAllWidgets triggered.  All widgets were invalidated
[2020.09.22-16.53.16:173][757]LogSlate: Updating window title bar state: overlay mode, drag disabled, window buttons hidden, title bar hidden
[2020.09.22-16.53.16:174][757]LogAISub: UAISubsystem::~UAISubsystem EnvQueryManager (000002DE70DF4A00), frame # 2757
[2020.09.22-16.53.16:174][757]LogAISub: UAISubsystem::~UAISubsystem AIPerceptionSystem (000002DE70FCE980), frame # 2757
[2020.09.22-16.53.16:177][757]LogUObjectHash: Compacting FUObjectHashTables data took   2.75ms
[2020.09.22-16.53.16:216][758]LogPlayLevel: Display: Destroying online subsystem :Context_6
[2020.09.22-16.53.21:635][ 79]LogEditorViewport: Clicking on Actor (LMB): StaticMeshActor (Floor)
[2020.09.22-16.53.22:271][113]LogTemp: Repeating last play command: Selected Viewport
[2020.09.22-16.53.22:341][113]LogPlayLevel: PlayLevel: No blueprints needed recompiling
[2020.09.22-16.53.22:341][113]PIE: New page: PIE session: ThirdPersonExampleMap (Sep. 22, 2020, 10:53:22 a.m.)
[2020.09.22-16.53.22:377][113]LogPlayLevel: Creating play world package: /Game/ThirdPersonBP/Maps/UEDPIE_0_ThirdPersonExampleMap
[2020.09.22-16.53.22:388][113]LogPlayLevel: PIE: StaticDuplicateObject took: (0.011114s)
[2020.09.22-16.53.22:390][113]LogAIModule: Creating AISystem for world ThirdPersonExampleMap
[2020.09.22-16.53.22:390][113]LogAISub: UAISubsystem::UAISubsystem EnvQueryManager (000002DE385B9C00), frame # 3113
[2020.09.22-16.53.22:390][113]LogAISub: UAISubsystem::UAISubsystem AIPerceptionSystem (000002DE80B46200), frame # 3113
[2020.09.22-16.53.22:390][113]LogPlayLevel: PIE: World Init took: (0.001812s)
[2020.09.22-16.53.22:390][113]LogPlayLevel: PIE: Created PIE world by copying editor world from /Game/ThirdPersonBP/Maps/ThirdPersonExampleMap.ThirdPersonExampleMap to /Game/ThirdPersonBP/Maps/UEDPIE_0_ThirdPersonExampleMap.ThirdPersonExampleMap (0.013158s)
[2020.09.22-16.53.22:423][113]LogUObjectHash: Compacting FUObjectHashTables data took   2.67ms
[2020.09.22-16.53.22:425][113]LogAudioMixer: Display: Audio Mixer Platform Settings:
[2020.09.22-16.53.22:425][113]LogAudioMixer: Display: 	Sample Rate:						  48000
[2020.09.22-16.53.22:425][113]LogAudioMixer: Display: 	Callback Buffer Frame Size Requested: 1024
[2020.09.22-16.53.22:425][113]LogAudioMixer: Display: 	Callback Buffer Frame Size To Use:	  1024
[2020.09.22-16.53.22:425][113]LogAudioMixer: Display: 	Number of buffers to queue:			  2
[2020.09.22-16.53.22:425][113]LogAudioMixer: Display: 	Max Channels (voices):				  32
[2020.09.22-16.53.22:425][113]LogAudioMixer: Display: 	Number of Async Source Workers:		  0
[2020.09.22-16.53.22:425][113]LogAudio: Display: AudioDevice MaxSources: 32
[2020.09.22-16.53.22:425][113]LogAudio: Display: Using built-in audio occlusion.
[2020.09.22-16.53.22:425][113]LogAudioMixer: Display: Initializing audio mixer.
[2020.09.22-16.53.22:427][113]LogAudioMixer: Display: 0: FrontLeft
[2020.09.22-16.53.22:428][113]LogAudioMixer: Display: 1: FrontRight
[2020.09.22-16.53.22:436][113]LogAudioMixer: Display: Using Audio Device Speakers (Sound Blaster Recon3Di)
[2020.09.22-16.53.22:436][113]LogAudioMixer: Display: Initializing Sound Submixes...
[2020.09.22-16.53.22:436][113]LogAudioMixer: Display: Creating Master Submix 'MasterSubmixDefault'
[2020.09.22-16.53.22:436][113]LogAudioMixer: Display: Creating Master Submix 'MasterReverbSubmixDefault'
[2020.09.22-16.53.22:436][113]LogAudioMixer: Display: Creating Master Submix 'MasterEQSubmixDefault'
[2020.09.22-16.53.22:449][113]LogInit: FAudioDevice initialized.
[2020.09.22-16.53.22:454][113]LogLoad: Game class is 'ThirdPersonGameMode_C'
[2020.09.22-16.53.22:456][113]LogWorld: Bringing World /Game/ThirdPersonBP/Maps/UEDPIE_0_ThirdPersonExampleMap.ThirdPersonExampleMap up for play (max tick rate 60) at 2020.09.22-13.53.22
[2020.09.22-16.53.22:456][113]LogWorld: Bringing up level for play took: 0.001732
[2020.09.22-16.53.22:457][113]LogOnline: OSS: Creating online subsystem instance for: :Context_9
[2020.09.22-16.53.22:459][113]PIE: Server logged in
[2020.09.22-16.53.22:459][113]PIE: Play in editor total start time 0.121 seconds.
[2020.09.22-16.53.28:851][493]LogSlate: Updating window title bar state: overlay mode, drag disabled, window buttons hidden, title bar hidden
[2020.09.22-16.53.28:851][493]LogWorld: BeginTearingDown for /Game/ThirdPersonBP/Maps/UEDPIE_0_ThirdPersonExampleMap
[2020.09.22-16.53.28:851][493]LogWorld: UWorld::CleanupWorld for ThirdPersonExampleMap, bSessionEnded=true, bCleanupResources=true
[2020.09.22-16.53.28:851][493]LogSlate: InvalidateAllWidgets triggered.  All widgets were invalidated
[2020.09.22-16.53.28:862][493]LogPlayLevel: Display: Shutting down PIE online subsystems
[2020.09.22-16.53.28:866][493]LogSlate: InvalidateAllWidgets triggered.  All widgets were invalidated
[2020.09.22-16.53.28:906][493]LogSlate: Updating window title bar state: overlay mode, drag disabled, window buttons hidden, title bar hidden
[2020.09.22-16.53.28:907][493]LogAISub: UAISubsystem::~UAISubsystem AIPerceptionSystem (000002DE80B46200), frame # 3493
[2020.09.22-16.53.28:907][493]LogAISub: UAISubsystem::~UAISubsystem EnvQueryManager (000002DE385B9C00), frame # 3493
[2020.09.22-16.53.28:910][493]LogUObjectHash: Compacting FUObjectHashTables data took   2.68ms
[2020.09.22-16.53.28:943][494]LogPlayLevel: Display: Destroying online subsystem :Context_9
[2020.09.22-16.54.05:287][438]LogAssetEditorSubsystem: Opening Asset editor for Blueprint /Game/ThirdPersonBP/Blueprints/ThirdPersonCharacter.ThirdPersonCharacter
[2020.09.22-16.54.07:379][535]LogRenderer: Reallocating scene render targets to support 1144x708 Format 10 NumSamples 1 (Frame:1).
[2020.09.22-16.54.32:310][  2]LogWorld: UWorld::CleanupWorld for World_3, bSessionEnded=true, bCleanupResources=true
[2020.09.22-16.54.32:310][  2]LogSlate: InvalidateAllWidgets triggered.  All widgets were invalidated
[2020.09.22-16.54.33:203][ 52]LogWorld: UWorld::CleanupWorld for World_2, bSessionEnded=true, bCleanupResources=true
[2020.09.22-16.54.33:203][ 52]LogSlate: InvalidateAllWidgets triggered.  All widgets were invalidated
[2020.09.22-16.54.35:931][207]LogActorComponent: UnregisterComponent: (/Engine/Transient.EditorFloorComp) Not registered. Aborting.
[2020.09.22-16.54.35:931][207]LogWorld: UWorld::CleanupWorld for World_1, bSessionEnded=true, bCleanupResources=true
[2020.09.22-16.54.35:931][207]LogSlate: InvalidateAllWidgets triggered.  All widgets were invalidated
[2020.09.22-16.54.46:315][629]LogSlate: Window 'Pick Parent Class' being destroyed
[2020.09.22-16.54.53:978][ 86]LogPackageName: SearchForPackageOnDisk took   0.000s, but failed to resolve /Game/ThirdPersonBP/Blueprints/SnakeController.
[2020.09.22-16.55.07:639][899]LogAssetEditorSubsystem: Opening Asset editor for Blueprint /Game/ThirdPersonBP/Blueprints/Snake.Snake
[2020.09.22-16.55.26:112][957]LogAssetEditorSubsystem: Opening Asset editor for Blueprint /Game/ThirdPersonBP/Blueprints/SnakeController.SnakeController
[2020.09.22-16.56.35:212][994]LogEditorViewport: Clicking on Actor (LMB): ThirdPersonCharacter_C (ThirdPersonCharacter)
[2020.09.22-16.56.47:887][746]LogD3D11RHI: Error: Result failed 
 at D:/Build/++UE4+Licensee/Sync/Engine/Source/Runtime/Windows/D3D11RHI/Private/D3D11Query.cpp:348 
 with error DXGI_ERROR_DEVICE_REMOVED DXGI_ERROR_DEVICE_REMOVED
[2020.09.22-16.56.47:887][746]LogRHI: Error: [Aftermath] Status: PageFault
[2020.09.22-16.56.47:887][746]LogRHI: Error: [Aftermath] GPU Stack Dump
[2020.09.22-16.56.47:887][746]LogRHI: Error: [Aftermath] 0: FRAME
[2020.09.22-16.56.47:887][746]LogRHI: Error: [Aftermath] 1: Frame 0
[2020.09.22-16.56.47:887][746]LogRHI: Error: [Aftermath] 2: FRAME
[2020.09.22-16.56.47:887][746]LogRHI: Error: [Aftermath] 3: Scene
[2020.09.22-16.56.47:887][746]LogRHI: Error: [Aftermath] GPU Stack Dump
[2020.09.22-16.56.48:235][748]LogD3D11RHI: [Aftermath] GDynamicRHI=000002DE600F60C0, GDX11NVAfterMathEnabled=1, Result=0x00000001, bDeviceActive=0
[2020.09.22-16.56.48:235][748]LogWindows: Windows GetLastError: The operation completed successfully. (0)
[2020.09.22-16.56.49:736][748]LogWindows: FPlatformMisc::RequestExit(0)
[2020.09.22-16.56.49:736][748]LogCore: Engine exit requested (reason: Win RequestExit)
[2020.09.22-16.56.49:736][748]LogWindows: FPlatformMisc::RequestExit(1)
[2020.09.22-16.56.49:736][748]LogCore: Engine exit requested (reason: Win RequestExit; note: exit was already requested)
[2020.09.22-16.56.49:743][748]Log file closed, 09/22/20 13:56:49
